ERROR - 2021-03-09 09:46:01 --> mysqli_sql_exception: Column 'empID' cannot be null in C:\xampp\htdocs\dianchan\vendor\codeigniter4\framework\system\Database\MySQLi\Connection.php:314
Stack trace:
#0 C:\xampp\htdocs\dianchan\vendor\codeigniter4\framework\system\Database\MySQLi\Connection.php(314): mysqli->query('INSERT INTO `cu...')
#1 C:\xampp\htdocs\dianchan\vendor\codeigniter4\framework\system\Database\BaseConnection.php(713): CodeIgniter\Database\MySQLi\Connection->execute('INSERT INTO `cu...')
#2 C:\xampp\htdocs\dianchan\vendor\codeigniter4\framework\system\Database\BaseConnection.php(641): CodeIgniter\Database\BaseConnection->simpleQuery('INSERT INTO `cu...')
#3 C:\xampp\htdocs\dianchan\vendor\codeigniter4\framework\system\Database\BaseBuilder.php(2263): CodeIgniter\Database\BaseConnection->query('INSERT INTO `cu...', Array, false)
#4 C:\xampp\htdocs\dianchan\vendor\codeigniter4\framework\system\Model.php(278): CodeIgniter\Database\BaseBuilder->insert()
#5 C:\xampp\htdocs\dianchan\vendor\codeigniter4\framework\system\BaseModel.php(758): CodeIgniter\Model->doInsert(Array)
#6 C:\xampp\htdocs\dianchan\vendor\codeigniter4\framework\system\Model.php(705): CodeIgniter\BaseModel->insert(Array, true)
#7 C:\xampp\htdocs\dianchan\app\Controllers\Auth.php(174): CodeIgniter\Model->insert(Array)
#8 C:\xampp\htdocs\dianchan\vendor\codeigniter4\framework\system\CodeIgniter.php(936): App\Controllers\Auth->logout()
#9 C:\xampp\htdocs\dianchan\vendor\codeigniter4\framework\system\CodeIgniter.php(432): CodeIgniter\CodeIgniter->runController(Object(App\Controllers\Auth))
#10 C:\xampp\htdocs\dianchan\vendor\codeigniter4\framework\system\CodeIgniter.php(333): CodeIgniter\CodeIgniter->handleRequest(NULL, Object(Config\Cache), false)
#11 C:\xampp\htdocs\dianchan\public\index.php(44): CodeIgniter\CodeIgniter->run()
#12 C:\xampp\htdocs\dianchan\vendor\codeigniter4\framework\system\Commands\Server\rewrite.php(45): require_once('C:\\xampp\\htdocs...')
#13 {main}
CRITICAL - 2021-03-09 09:46:01 --> Column 'empID' cannot be null
#0 C:\xampp\htdocs\dianchan\vendor\codeigniter4\framework\system\Database\MySQLi\Connection.php(314): mysqli->query('INSERT INTO `cu...')
#1 C:\xampp\htdocs\dianchan\vendor\codeigniter4\framework\system\Database\BaseConnection.php(713): CodeIgniter\Database\MySQLi\Connection->execute('INSERT INTO `cu...')
#2 C:\xampp\htdocs\dianchan\vendor\codeigniter4\framework\system\Database\BaseConnection.php(641): CodeIgniter\Database\BaseConnection->simpleQuery('INSERT INTO `cu...')
#3 C:\xampp\htdocs\dianchan\vendor\codeigniter4\framework\system\Database\BaseBuilder.php(2263): CodeIgniter\Database\BaseConnection->query('INSERT INTO `cu...', Array, false)
#4 C:\xampp\htdocs\dianchan\vendor\codeigniter4\framework\system\Model.php(278): CodeIgniter\Database\BaseBuilder->insert()
#5 C:\xampp\htdocs\dianchan\vendor\codeigniter4\framework\system\BaseModel.php(758): CodeIgniter\Model->doInsert(Array)
#6 C:\xampp\htdocs\dianchan\vendor\codeigniter4\framework\system\Model.php(705): CodeIgniter\BaseModel->insert(Array, true)
#7 C:\xampp\htdocs\dianchan\app\Controllers\Auth.php(174): CodeIgniter\Model->insert(Array)
#8 C:\xampp\htdocs\dianchan\vendor\codeigniter4\framework\system\CodeIgniter.php(936): App\Controllers\Auth->logout()
#9 C:\xampp\htdocs\dianchan\vendor\codeigniter4\framework\system\CodeIgniter.php(432): CodeIgniter\CodeIgniter->runController(Object(App\Controllers\Auth))
#10 C:\xampp\htdocs\dianchan\vendor\codeigniter4\framework\system\CodeIgniter.php(333): CodeIgniter\CodeIgniter->handleRequest(NULL, Object(Config\Cache), false)
#11 C:\xampp\htdocs\dianchan\public\index.php(44): CodeIgniter\CodeIgniter->run()
#12 C:\xampp\htdocs\dianchan\vendor\codeigniter4\framework\system\Commands\Server\rewrite.php(45): require_once('C:\\xampp\\htdocs...')
#13 {main}
CRITICAL - 2021-03-09 09:47:22 --> Cannot use isset() on the result of an expression (you can use "null !== expression" instead)
#0 [internal function]: CodeIgniter\Debug\Exceptions->shutdownHandler()
#1 {main}
ERROR - 2021-03-09 09:54:27 --> mysqli_sql_exception: CONSTRAINT `cus_log.data` failed for `diancan`.`cus_log` in C:\xampp\htdocs\dianchan\vendor\codeigniter4\framework\system\Database\MySQLi\Connection.php:314
Stack trace:
#0 C:\xampp\htdocs\dianchan\vendor\codeigniter4\framework\system\Database\MySQLi\Connection.php(314): mysqli->query('INSERT INTO `cu...')
#1 C:\xampp\htdocs\dianchan\vendor\codeigniter4\framework\system\Database\BaseConnection.php(713): CodeIgniter\Database\MySQLi\Connection->execute('INSERT INTO `cu...')
#2 C:\xampp\htdocs\dianchan\vendor\codeigniter4\framework\system\Database\BaseConnection.php(641): CodeIgniter\Database\BaseConnection->simpleQuery('INSERT INTO `cu...')
#3 C:\xampp\htdocs\dianchan\vendor\codeigniter4\framework\system\Database\BaseBuilder.php(2263): CodeIgniter\Database\BaseConnection->query('INSERT INTO `cu...', Array, false)
#4 C:\xampp\htdocs\dianchan\vendor\codeigniter4\framework\system\Model.php(278): CodeIgniter\Database\BaseBuilder->insert()
#5 C:\xampp\htdocs\dianchan\vendor\codeigniter4\framework\system\BaseModel.php(758): CodeIgniter\Model->doInsert(Array)
#6 C:\xampp\htdocs\dianchan\vendor\codeigniter4\framework\system\Model.php(705): CodeIgniter\BaseModel->insert(Array, true)
#7 C:\xampp\htdocs\dianchan\app\Controllers\Orders.php(45): CodeIgniter\Model->insert(Array)
#8 C:\xampp\htdocs\dianchan\vendor\codeigniter4\framework\system\CodeIgniter.php(936): App\Controllers\Orders->cancel()
#9 C:\xampp\htdocs\dianchan\vendor\codeigniter4\framework\system\CodeIgniter.php(432): CodeIgniter\CodeIgniter->runController(Object(App\Controllers\Orders))
#10 C:\xampp\htdocs\dianchan\vendor\codeigniter4\framework\system\CodeIgniter.php(333): CodeIgniter\CodeIgniter->handleRequest(NULL, Object(Config\Cache), false)
#11 C:\xampp\htdocs\dianchan\public\index.php(44): CodeIgniter\CodeIgniter->run()
#12 C:\xampp\htdocs\dianchan\vendor\codeigniter4\framework\system\Commands\Server\rewrite.php(45): require_once('C:\\xampp\\htdocs...')
#13 {main}
ERROR - 2021-03-09 09:54:27 --> mysqli_sql_exception: CONSTRAINT `cus_log.data` failed for `diancan`.`cus_log` in C:\xampp\htdocs\dianchan\vendor\codeigniter4\framework\system\Database\MySQLi\Connection.php:314
Stack trace:
#0 C:\xampp\htdocs\dianchan\vendor\codeigniter4\framework\system\Database\MySQLi\Connection.php(314): mysqli->query('INSERT INTO `cu...')
#1 C:\xampp\htdocs\dianchan\vendor\codeigniter4\framework\system\Database\BaseConnection.php(713): CodeIgniter\Database\MySQLi\Connection->execute('INSERT INTO `cu...')
#2 C:\xampp\htdocs\dianchan\vendor\codeigniter4\framework\system\Database\BaseConnection.php(641): CodeIgniter\Database\BaseConnection->simpleQuery('INSERT INTO `cu...')
#3 C:\xampp\htdocs\dianchan\vendor\codeigniter4\framework\system\Database\BaseBuilder.php(2263): CodeIgniter\Database\BaseConnection->query('INSERT INTO `cu...', Array, false)
#4 C:\xampp\htdocs\dianchan\vendor\codeigniter4\framework\system\Model.php(278): CodeIgniter\Database\BaseBuilder->insert()
#5 C:\xampp\htdocs\dianchan\vendor\codeigniter4\framework\system\BaseModel.php(758): CodeIgniter\Model->doInsert(Array)
#6 C:\xampp\htdocs\dianchan\vendor\codeigniter4\framework\system\Model.php(705): CodeIgniter\BaseModel->insert(Array, true)
#7 C:\xampp\htdocs\dianchan\app\Controllers\Orders.php(68): CodeIgniter\Model->insert(Array)
#8 C:\xampp\htdocs\dianchan\vendor\codeigniter4\framework\system\CodeIgniter.php(936): App\Controllers\Orders->cancel()
#9 C:\xampp\htdocs\dianchan\vendor\codeigniter4\framework\system\CodeIgniter.php(432): CodeIgniter\CodeIgniter->runController(Object(App\Controllers\Orders))
#10 C:\xampp\htdocs\dianchan\vendor\codeigniter4\framework\system\CodeIgniter.php(333): CodeIgniter\CodeIgniter->handleRequest(NULL, Object(Config\Cache), false)
#11 C:\xampp\htdocs\dianchan\public\index.php(44): CodeIgniter\CodeIgniter->run()
#12 C:\xampp\htdocs\dianchan\vendor\codeigniter4\framework\system\Commands\Server\rewrite.php(45): require_once('C:\\xampp\\htdocs...')
#13 {main}
CRITICAL - 2021-03-09 09:54:27 --> CONSTRAINT `cus_log.data` failed for `diancan`.`cus_log`
#0 C:\xampp\htdocs\dianchan\vendor\codeigniter4\framework\system\Database\MySQLi\Connection.php(314): mysqli->query('INSERT INTO `cu...')
#1 C:\xampp\htdocs\dianchan\vendor\codeigniter4\framework\system\Database\BaseConnection.php(713): CodeIgniter\Database\MySQLi\Connection->execute('INSERT INTO `cu...')
#2 C:\xampp\htdocs\dianchan\vendor\codeigniter4\framework\system\Database\BaseConnection.php(641): CodeIgniter\Database\BaseConnection->simpleQuery('INSERT INTO `cu...')
#3 C:\xampp\htdocs\dianchan\vendor\codeigniter4\framework\system\Database\BaseBuilder.php(2263): CodeIgniter\Database\BaseConnection->query('INSERT INTO `cu...', Array, false)
#4 C:\xampp\htdocs\dianchan\vendor\codeigniter4\framework\system\Model.php(278): CodeIgniter\Database\BaseBuilder->insert()
#5 C:\xampp\htdocs\dianchan\vendor\codeigniter4\framework\system\BaseModel.php(758): CodeIgniter\Model->doInsert(Array)
#6 C:\xampp\htdocs\dianchan\vendor\codeigniter4\framework\system\Model.php(705): CodeIgniter\BaseModel->insert(Array, true)
#7 C:\xampp\htdocs\dianchan\app\Controllers\Orders.php(68): CodeIgniter\Model->insert(Array)
#8 C:\xampp\htdocs\dianchan\vendor\codeigniter4\framework\system\CodeIgniter.php(936): App\Controllers\Orders->cancel()
#9 C:\xampp\htdocs\dianchan\vendor\codeigniter4\framework\system\CodeIgniter.php(432): CodeIgniter\CodeIgniter->runController(Object(App\Controllers\Orders))
#10 C:\xampp\htdocs\dianchan\vendor\codeigniter4\framework\system\CodeIgniter.php(333): CodeIgniter\CodeIgniter->handleRequest(NULL, Object(Config\Cache), false)
#11 C:\xampp\htdocs\dianchan\public\index.php(44): CodeIgniter\CodeIgniter->run()
#12 C:\xampp\htdocs\dianchan\vendor\codeigniter4\framework\system\Commands\Server\rewrite.php(45): require_once('C:\\xampp\\htdocs...')
#13 {main}
ERROR - 2021-03-09 14:26:14 --> mysqli_sql_exception: CONSTRAINT `adm_log.data` failed for `diancan`.`adm_log` in C:\xampp\htdocs\dianchan\vendor\codeigniter4\framework\system\Database\MySQLi\Connection.php:314
Stack trace:
#0 C:\xampp\htdocs\dianchan\vendor\codeigniter4\framework\system\Database\MySQLi\Connection.php(314): mysqli->query('INSERT INTO `ad...')
#1 C:\xampp\htdocs\dianchan\vendor\codeigniter4\framework\system\Database\BaseConnection.php(713): CodeIgniter\Database\MySQLi\Connection->execute('INSERT INTO `ad...')
#2 C:\xampp\htdocs\dianchan\vendor\codeigniter4\framework\system\Database\BaseConnection.php(641): CodeIgniter\Database\BaseConnection->simpleQuery('INSERT INTO `ad...')
#3 C:\xampp\htdocs\dianchan\vendor\codeigniter4\framework\system\Database\BaseBuilder.php(2263): CodeIgniter\Database\BaseConnection->query('INSERT INTO `ad...', Array, false)
#4 C:\xampp\htdocs\dianchan\vendor\codeigniter4\framework\system\Model.php(278): CodeIgniter\Database\BaseBuilder->insert()
#5 C:\xampp\htdocs\dianchan\vendor\codeigniter4\framework\system\BaseModel.php(758): CodeIgniter\Model->doInsert(Array)
#6 C:\xampp\htdocs\dianchan\vendor\codeigniter4\framework\system\Model.php(705): CodeIgniter\BaseModel->insert(Array, true)
#7 C:\xampp\htdocs\dianchan\app\Controllers\Auth.php(178): CodeIgniter\Model->insert(Array)
#8 C:\xampp\htdocs\dianchan\vendor\codeigniter4\framework\system\CodeIgniter.php(936): App\Controllers\Auth->login()
#9 C:\xampp\htdocs\dianchan\vendor\codeigniter4\framework\system\CodeIgniter.php(432): CodeIgniter\CodeIgniter->runController(Object(App\Controllers\Auth))
#10 C:\xampp\htdocs\dianchan\vendor\codeigniter4\framework\system\CodeIgniter.php(333): CodeIgniter\CodeIgniter->handleRequest(NULL, Object(Config\Cache), false)
#11 C:\xampp\htdocs\dianchan\public\index.php(44): CodeIgniter\CodeIgniter->run()
#12 C:\xampp\htdocs\dianchan\vendor\codeigniter4\framework\system\Commands\Server\rewrite.php(45): require_once('C:\\xampp\\htdocs...')
#13 {main}
CRITICAL - 2021-03-09 14:26:14 --> CONSTRAINT `adm_log.data` failed for `diancan`.`adm_log`
#0 C:\xampp\htdocs\dianchan\vendor\codeigniter4\framework\system\Database\MySQLi\Connection.php(314): mysqli->query('INSERT INTO `ad...')
#1 C:\xampp\htdocs\dianchan\vendor\codeigniter4\framework\system\Database\BaseConnection.php(713): CodeIgniter\Database\MySQLi\Connection->execute('INSERT INTO `ad...')
#2 C:\xampp\htdocs\dianchan\vendor\codeigniter4\framework\system\Database\BaseConnection.php(641): CodeIgniter\Database\BaseConnection->simpleQuery('INSERT INTO `ad...')
#3 C:\xampp\htdocs\dianchan\vendor\codeigniter4\framework\system\Database\BaseBuilder.php(2263): CodeIgniter\Database\BaseConnection->query('INSERT INTO `ad...', Array, false)
#4 C:\xampp\htdocs\dianchan\vendor\codeigniter4\framework\system\Model.php(278): CodeIgniter\Database\BaseBuilder->insert()
#5 C:\xampp\htdocs\dianchan\vendor\codeigniter4\framework\system\BaseModel.php(758): CodeIgniter\Model->doInsert(Array)
#6 C:\xampp\htdocs\dianchan\vendor\codeigniter4\framework\system\Model.php(705): CodeIgniter\BaseModel->insert(Array, true)
#7 C:\xampp\htdocs\dianchan\app\Controllers\Auth.php(178): CodeIgniter\Model->insert(Array)
#8 C:\xampp\htdocs\dianchan\vendor\codeigniter4\framework\system\CodeIgniter.php(936): App\Controllers\Auth->login()
#9 C:\xampp\htdocs\dianchan\vendor\codeigniter4\framework\system\CodeIgniter.php(432): CodeIgniter\CodeIgniter->runController(Object(App\Controllers\Auth))
#10 C:\xampp\htdocs\dianchan\vendor\codeigniter4\framework\system\CodeIgniter.php(333): CodeIgniter\CodeIgniter->handleRequest(NULL, Object(Config\Cache), false)
#11 C:\xampp\htdocs\dianchan\public\index.php(44): CodeIgniter\CodeIgniter->run()
#12 C:\xampp\htdocs\dianchan\vendor\codeigniter4\framework\system\Commands\Server\rewrite.php(45): require_once('C:\\xampp\\htdocs...')
#13 {main}
CRITICAL - 2021-03-09 16:45:05 --> Cannot declare class App\Controllers\Admin\Account, because the name is already in use
#0 [internal function]: CodeIgniter\Debug\Exceptions->shutdownHandler()
#1 {main}
CRITICAL - 2021-03-09 16:45:17 --> Invalid file: admin/report/v_food_select.php
#0 C:\xampp\htdocs\dianchan\vendor\codeigniter4\framework\system\View\View.php(203): CodeIgniter\Exceptions\FrameworkException::forInvalidFile('admin/report/v_...')
#1 C:\xampp\htdocs\dianchan\vendor\codeigniter4\framework\system\Common.php(1217): CodeIgniter\View\View->render('admin/report/v_...', Array, true)
#2 C:\xampp\htdocs\dianchan\app\Controllers\Admin\Report.php(21): view('admin/report/v_...')
#3 C:\xampp\htdocs\dianchan\vendor\codeigniter4\framework\system\CodeIgniter.php(936): App\Controllers\Admin\Report->food()
#4 C:\xampp\htdocs\dianchan\vendor\codeigniter4\framework\system\CodeIgniter.php(432): CodeIgniter\CodeIgniter->runController(Object(App\Controllers\Admin\Report))
#5 C:\xampp\htdocs\dianchan\vendor\codeigniter4\framework\system\CodeIgniter.php(333): CodeIgniter\CodeIgniter->handleRequest(NULL, Object(Config\Cache), false)
#6 C:\xampp\htdocs\dianchan\public\index.php(44): CodeIgniter\CodeIgniter->run()
#7 C:\xampp\htdocs\dianchan\vendor\codeigniter4\framework\system\Commands\Server\rewrite.php(45): require_once('C:\\xampp\\htdocs...')
#8 {main}
CRITICAL - 2021-03-09 16:45:37 --> Undefined variable: title
#0 C:\xampp\htdocs\dianchan\app\Views\admin\report\v_food_main.php(10): CodeIgniter\Debug\Exceptions->errorHandler(8, 'Undefined varia...', 'C:\\xampp\\htdocs...', 10, Array)
#1 C:\xampp\htdocs\dianchan\vendor\codeigniter4\framework\system\View\View.php(220): include('C:\\xampp\\htdocs...')
#2 C:\xampp\htdocs\dianchan\vendor\codeigniter4\framework\system\View\View.php(222): CodeIgniter\View\View->CodeIgniter\View\{closure}()
#3 C:\xampp\htdocs\dianchan\vendor\codeigniter4\framework\system\Common.php(1217): CodeIgniter\View\View->render('admin/report/v_...', Array, true)
#4 C:\xampp\htdocs\dianchan\app\Controllers\Admin\Report.php(21): view('admin/report/v_...')
#5 C:\xampp\htdocs\dianchan\vendor\codeigniter4\framework\system\CodeIgniter.php(936): App\Controllers\Admin\Report->food()
#6 C:\xampp\htdocs\dianchan\vendor\codeigniter4\framework\system\CodeIgniter.php(432): CodeIgniter\CodeIgniter->runController(Object(App\Controllers\Admin\Report))
#7 C:\xampp\htdocs\dianchan\vendor\codeigniter4\framework\system\CodeIgniter.php(333): CodeIgniter\CodeIgniter->handleRequest(NULL, Object(Config\Cache), false)
#8 C:\xampp\htdocs\dianchan\public\index.php(44): CodeIgniter\CodeIgniter->run()
#9 C:\xampp\htdocs\dianchan\vendor\codeigniter4\framework\system\Commands\Server\rewrite.php(45): require_once('C:\\xampp\\htdocs...')
#10 {main}
CRITICAL - 2021-03-09 17:38:23 --> Undefined variable: U001
#0 C:\xampp\htdocs\dianchan\app\Views\admin\report\r_food_original.php(7): CodeIgniter\Debug\Exceptions->errorHandler(8, 'Undefined varia...', 'C:\\xampp\\htdocs...', 7, Array)
#1 C:\xampp\htdocs\dianchan\vendor\codeigniter4\framework\system\View\View.php(220): include('C:\\xampp\\htdocs...')
#2 C:\xampp\htdocs\dianchan\vendor\codeigniter4\framework\system\View\View.php(222): CodeIgniter\View\View->CodeIgniter\View\{closure}()
#3 C:\xampp\htdocs\dianchan\vendor\codeigniter4\framework\system\Common.php(1217): CodeIgniter\View\View->render('/admin/report/r...', Array, true)
#4 C:\xampp\htdocs\dianchan\app\Controllers\Admin\Report.php(24): view('/admin/report/r...', Array)
#5 C:\xampp\htdocs\dianchan\vendor\codeigniter4\framework\system\CodeIgniter.php(936): App\Controllers\Admin\Report->food('original')
#6 C:\xampp\htdocs\dianchan\vendor\codeigniter4\framework\system\CodeIgniter.php(432): CodeIgniter\CodeIgniter->runController(Object(App\Controllers\Admin\Report))
#7 C:\xampp\htdocs\dianchan\vendor\codeigniter4\framework\system\CodeIgniter.php(333): CodeIgniter\CodeIgniter->handleRequest(NULL, Object(Config\Cache), false)
#8 C:\xampp\htdocs\dianchan\public\index.php(44): CodeIgniter\CodeIgniter->run()
#9 C:\xampp\htdocs\dianchan\vendor\codeigniter4\framework\system\Commands\Server\rewrite.php(45): require_once('C:\\xampp\\htdocs...')
#10 {main}
CRITICAL - 2021-03-09 17:38:48 --> Undefined variable: U001
#0 C:\xampp\htdocs\dianchan\app\Views\admin\report\r_food_original.php(7): CodeIgniter\Debug\Exceptions->errorHandler(8, 'Undefined varia...', 'C:\\xampp\\htdocs...', 7, Array)
#1 C:\xampp\htdocs\dianchan\vendor\codeigniter4\framework\system\View\View.php(220): include('C:\\xampp\\htdocs...')
#2 C:\xampp\htdocs\dianchan\vendor\codeigniter4\framework\system\View\View.php(222): CodeIgniter\View\View->CodeIgniter\View\{closure}()
#3 C:\xampp\htdocs\dianchan\vendor\codeigniter4\framework\system\Common.php(1217): CodeIgniter\View\View->render('/admin/report/r...', Array, true)
#4 C:\xampp\htdocs\dianchan\app\Controllers\Admin\Report.php(24): view('/admin/report/r...', Array)
#5 C:\xampp\htdocs\dianchan\vendor\codeigniter4\framework\system\CodeIgniter.php(936): App\Controllers\Admin\Report->food('original')
#6 C:\xampp\htdocs\dianchan\vendor\codeigniter4\framework\system\CodeIgniter.php(432): CodeIgniter\CodeIgniter->runController(Object(App\Controllers\Admin\Report))
#7 C:\xampp\htdocs\dianchan\vendor\codeigniter4\framework\system\CodeIgniter.php(333): CodeIgniter\CodeIgniter->handleRequest(NULL, Object(Config\Cache), false)
#8 C:\xampp\htdocs\dianchan\public\index.php(44): CodeIgniter\CodeIgniter->run()
#9 C:\xampp\htdocs\dianchan\vendor\codeigniter4\framework\system\Commands\Server\rewrite.php(45): require_once('C:\\xampp\\htdocs...')
#10 {main}
CRITICAL - 2021-03-09 17:38:49 --> Undefined variable: U001
#0 C:\xampp\htdocs\dianchan\app\Views\admin\report\r_food_original.php(7): CodeIgniter\Debug\Exceptions->errorHandler(8, 'Undefined varia...', 'C:\\xampp\\htdocs...', 7, Array)
#1 C:\xampp\htdocs\dianchan\vendor\codeigniter4\framework\system\View\View.php(220): include('C:\\xampp\\htdocs...')
#2 C:\xampp\htdocs\dianchan\vendor\codeigniter4\framework\system\View\View.php(222): CodeIgniter\View\View->CodeIgniter\View\{closure}()
#3 C:\xampp\htdocs\dianchan\vendor\codeigniter4\framework\system\Common.php(1217): CodeIgniter\View\View->render('/admin/report/r...', Array, true)
#4 C:\xampp\htdocs\dianchan\app\Controllers\Admin\Report.php(24): view('/admin/report/r...', Array)
#5 C:\xampp\htdocs\dianchan\vendor\codeigniter4\framework\system\CodeIgniter.php(936): App\Controllers\Admin\Report->food('original')
#6 C:\xampp\htdocs\dianchan\vendor\codeigniter4\framework\system\CodeIgniter.php(432): CodeIgniter\CodeIgniter->runController(Object(App\Controllers\Admin\Report))
#7 C:\xampp\htdocs\dianchan\vendor\codeigniter4\framework\system\CodeIgniter.php(333): CodeIgniter\CodeIgniter->handleRequest(NULL, Object(Config\Cache), false)
#8 C:\xampp\htdocs\dianchan\public\index.php(44): CodeIgniter\CodeIgniter->run()
#9 C:\xampp\htdocs\dianchan\vendor\codeigniter4\framework\system\Commands\Server\rewrite.php(45): require_once('C:\\xampp\\htdocs...')
#10 {main}
