CRITICAL - 2021-02-26 08:44:18 -->  route cannot be found while reverse-routing.
#0 C:\xampp\htdocs\dianchan\vendor\codeigniter4\framework\system\HTTP\RedirectResponse.php(63): CodeIgniter\HTTP\Exceptions\HTTPException::forInvalidRedirectRoute('')
#1 C:\xampp\htdocs\dianchan\vendor\codeigniter4\framework\system\Common.php(918): CodeIgniter\HTTP\RedirectResponse->route(false)
#2 C:\xampp\htdocs\dianchan\app\Controllers\Admin\Dashboard.php(12): redirect('/admin/login')
#3 C:\xampp\htdocs\dianchan\vendor\codeigniter4\framework\system\CodeIgniter.php(936): App\Controllers\Admin\Dashboard->index()
#4 C:\xampp\htdocs\dianchan\vendor\codeigniter4\framework\system\CodeIgniter.php(432): CodeIgniter\CodeIgniter->runController(Object(App\Controllers\Admin\Dashboard))
#5 C:\xampp\htdocs\dianchan\vendor\codeigniter4\framework\system\CodeIgniter.php(333): CodeIgniter\CodeIgniter->handleRequest(NULL, Object(Config\Cache), false)
#6 C:\xampp\htdocs\dianchan\public\index.php(44): CodeIgniter\CodeIgniter->run()
#7 C:\xampp\htdocs\dianchan\vendor\codeigniter4\framework\system\Commands\Server\rewrite.php(45): require_once('C:\\xampp\\htdocs...')
#8 {main}
CRITICAL - 2021-02-26 09:34:14 --> Undefined index: name
#0 C:\xampp\htdocs\dianchan\app\Views\admin\orders\v_orders_list.php(40): CodeIgniter\Debug\Exceptions->errorHandler(8, 'Undefined index...', 'C:\\xampp\\htdocs...', 40, Array)
#1 C:\xampp\htdocs\dianchan\vendor\codeigniter4\framework\system\View\View.php(220): include('C:\\xampp\\htdocs...')
#2 C:\xampp\htdocs\dianchan\vendor\codeigniter4\framework\system\View\View.php(222): CodeIgniter\View\View->CodeIgniter\View\{closure}()
#3 C:\xampp\htdocs\dianchan\vendor\codeigniter4\framework\system\Common.php(1217): CodeIgniter\View\View->render('admin/orders/v_...', Array, true)
#4 C:\xampp\htdocs\dianchan\app\Controllers\Admin\Orders.php(27): view('admin/orders/v_...', Array)
#5 C:\xampp\htdocs\dianchan\vendor\codeigniter4\framework\system\CodeIgniter.php(936): App\Controllers\Admin\Orders->index()
#6 C:\xampp\htdocs\dianchan\vendor\codeigniter4\framework\system\CodeIgniter.php(432): CodeIgniter\CodeIgniter->runController(Object(App\Controllers\Admin\Orders))
#7 C:\xampp\htdocs\dianchan\vendor\codeigniter4\framework\system\CodeIgniter.php(333): CodeIgniter\CodeIgniter->handleRequest(NULL, Object(Config\Cache), false)
#8 C:\xampp\htdocs\dianchan\public\index.php(44): CodeIgniter\CodeIgniter->run()
#9 C:\xampp\htdocs\dianchan\vendor\codeigniter4\framework\system\Commands\Server\rewrite.php(45): require_once('C:\\xampp\\htdocs...')
#10 {main}
ERROR - 2021-02-26 10:20:29 --> mysqli_sql_exception: Column 'ordID' in field list is ambiguous in C:\xampp\htdocs\dianchan\vendor\codeigniter4\framework\system\Database\MySQLi\Connection.php:314
Stack trace:
#0 C:\xampp\htdocs\dianchan\vendor\codeigniter4\framework\system\Database\MySQLi\Connection.php(314): mysqli->query('SELECT `ordID`,...')
#1 C:\xampp\htdocs\dianchan\vendor\codeigniter4\framework\system\Database\BaseConnection.php(713): CodeIgniter\Database\MySQLi\Connection->execute('SELECT `ordID`,...')
#2 C:\xampp\htdocs\dianchan\vendor\codeigniter4\framework\system\Database\BaseConnection.php(641): CodeIgniter\Database\BaseConnection->simpleQuery('SELECT `ordID`,...')
#3 C:\xampp\htdocs\dianchan\vendor\codeigniter4\framework\system\Database\BaseBuilder.php(1866): CodeIgniter\Database\BaseConnection->query('SELECT `ordID`,...', Array, false)
#4 C:\xampp\htdocs\dianchan\app\Models\Orders_model.php(75): CodeIgniter\Database\BaseBuilder->get()
#5 C:\xampp\htdocs\dianchan\app\Controllers\Admin\Orders.php(32): App\Models\Orders_model->getPayedOrdersBy('U001')
#6 C:\xampp\htdocs\dianchan\vendor\codeigniter4\framework\system\CodeIgniter.php(936): App\Controllers\Admin\Orders->getOrd('U001')
#7 C:\xampp\htdocs\dianchan\vendor\codeigniter4\framework\system\CodeIgniter.php(432): CodeIgniter\CodeIgniter->runController(Object(App\Controllers\Admin\Orders))
#8 C:\xampp\htdocs\dianchan\vendor\codeigniter4\framework\system\CodeIgniter.php(333): CodeIgniter\CodeIgniter->handleRequest(NULL, Object(Config\Cache), false)
#9 C:\xampp\htdocs\dianchan\public\index.php(44): CodeIgniter\CodeIgniter->run()
#10 C:\xampp\htdocs\dianchan\vendor\codeigniter4\framework\system\Commands\Server\rewrite.php(45): require_once('C:\\xampp\\htdocs...')
#11 {main}
CRITICAL - 2021-02-26 10:20:29 --> Column 'ordID' in field list is ambiguous
#0 C:\xampp\htdocs\dianchan\vendor\codeigniter4\framework\system\Database\MySQLi\Connection.php(314): mysqli->query('SELECT `ordID`,...')
#1 C:\xampp\htdocs\dianchan\vendor\codeigniter4\framework\system\Database\BaseConnection.php(713): CodeIgniter\Database\MySQLi\Connection->execute('SELECT `ordID`,...')
#2 C:\xampp\htdocs\dianchan\vendor\codeigniter4\framework\system\Database\BaseConnection.php(641): CodeIgniter\Database\BaseConnection->simpleQuery('SELECT `ordID`,...')
#3 C:\xampp\htdocs\dianchan\vendor\codeigniter4\framework\system\Database\BaseBuilder.php(1866): CodeIgniter\Database\BaseConnection->query('SELECT `ordID`,...', Array, false)
#4 C:\xampp\htdocs\dianchan\app\Models\Orders_model.php(75): CodeIgniter\Database\BaseBuilder->get()
#5 C:\xampp\htdocs\dianchan\app\Controllers\Admin\Orders.php(32): App\Models\Orders_model->getPayedOrdersBy('U001')
#6 C:\xampp\htdocs\dianchan\vendor\codeigniter4\framework\system\CodeIgniter.php(936): App\Controllers\Admin\Orders->getOrd('U001')
#7 C:\xampp\htdocs\dianchan\vendor\codeigniter4\framework\system\CodeIgniter.php(432): CodeIgniter\CodeIgniter->runController(Object(App\Controllers\Admin\Orders))
#8 C:\xampp\htdocs\dianchan\vendor\codeigniter4\framework\system\CodeIgniter.php(333): CodeIgniter\CodeIgniter->handleRequest(NULL, Object(Config\Cache), false)
#9 C:\xampp\htdocs\dianchan\public\index.php(44): CodeIgniter\CodeIgniter->run()
#10 C:\xampp\htdocs\dianchan\vendor\codeigniter4\framework\system\Commands\Server\rewrite.php(45): require_once('C:\\xampp\\htdocs...')
#11 {main}
CRITICAL - 2021-02-26 10:21:41 --> Array to string conversion
#0 C:\xampp\htdocs\dianchan\app\Controllers\Admin\Orders.php(33): CodeIgniter\Debug\Exceptions->errorHandler(8, 'Array to string...', 'C:\\xampp\\htdocs...', 33, Array)
#1 C:\xampp\htdocs\dianchan\vendor\codeigniter4\framework\system\CodeIgniter.php(936): App\Controllers\Admin\Orders->getOrd('U001')
#2 C:\xampp\htdocs\dianchan\vendor\codeigniter4\framework\system\CodeIgniter.php(432): CodeIgniter\CodeIgniter->runController(Object(App\Controllers\Admin\Orders))
#3 C:\xampp\htdocs\dianchan\vendor\codeigniter4\framework\system\CodeIgniter.php(333): CodeIgniter\CodeIgniter->handleRequest(NULL, Object(Config\Cache), false)
#4 C:\xampp\htdocs\dianchan\public\index.php(44): CodeIgniter\CodeIgniter->run()
#5 C:\xampp\htdocs\dianchan\vendor\codeigniter4\framework\system\Commands\Server\rewrite.php(45): require_once('C:\\xampp\\htdocs...')
#6 {main}
CRITICAL - 2021-02-26 10:22:17 --> Array to string conversion
#0 [internal function]: CodeIgniter\Debug\Exceptions->errorHandler(8, 'Array to string...', 'C:\\xampp\\htdocs...', 33, Array)
#1 C:\xampp\htdocs\dianchan\app\Controllers\Admin\Orders.php(33): printf(Array)
#2 C:\xampp\htdocs\dianchan\vendor\codeigniter4\framework\system\CodeIgniter.php(936): App\Controllers\Admin\Orders->getOrd('U001')
#3 C:\xampp\htdocs\dianchan\vendor\codeigniter4\framework\system\CodeIgniter.php(432): CodeIgniter\CodeIgniter->runController(Object(App\Controllers\Admin\Orders))
#4 C:\xampp\htdocs\dianchan\vendor\codeigniter4\framework\system\CodeIgniter.php(333): CodeIgniter\CodeIgniter->handleRequest(NULL, Object(Config\Cache), false)
#5 C:\xampp\htdocs\dianchan\public\index.php(44): CodeIgniter\CodeIgniter->run()
#6 C:\xampp\htdocs\dianchan\vendor\codeigniter4\framework\system\Commands\Server\rewrite.php(45): require_once('C:\\xampp\\htdocs...')
#7 {main}
ERROR - 2021-02-26 11:29:41 --> mysqli_sql_exception: You have an error in your SQL syntax; check the manual that corresponds to your MariaDB server version for the right syntax to use near '=0,"不外送 Tidak Antar","外送 Antar")
FROM `orders`
JOIN `orderdetail` O...' at line 1 in C:\xampp\htdocs\dianchan\vendor\codeigniter4\framework\system\Database\MySQLi\Connection.php:314
Stack trace:
#0 C:\xampp\htdocs\dianchan\vendor\codeigniter4\framework\system\Database\MySQLi\Connection.php(314): mysqli->query('SELECT `orders`...')
#1 C:\xampp\htdocs\dianchan\vendor\codeigniter4\framework\system\Database\BaseConnection.php(713): CodeIgniter\Database\MySQLi\Connection->execute('SELECT `orders`...')
#2 C:\xampp\htdocs\dianchan\vendor\codeigniter4\framework\system\Database\BaseConnection.php(641): CodeIgniter\Database\BaseConnection->simpleQuery('SELECT `orders`...')
#3 C:\xampp\htdocs\dianchan\vendor\codeigniter4\framework\system\Database\BaseBuilder.php(1866): CodeIgniter\Database\BaseConnection->query('SELECT `orders`...', Array, false)
#4 C:\xampp\htdocs\dianchan\app\Models\Orders_model.php(75): CodeIgniter\Database\BaseBuilder->get()
#5 C:\xampp\htdocs\dianchan\app\Controllers\Admin\Orders.php(32): App\Models\Orders_model->getPayedOrdersBy('U001')
#6 C:\xampp\htdocs\dianchan\vendor\codeigniter4\framework\system\CodeIgniter.php(936): App\Controllers\Admin\Orders->getOrd('U001')
#7 C:\xampp\htdocs\dianchan\vendor\codeigniter4\framework\system\CodeIgniter.php(432): CodeIgniter\CodeIgniter->runController(Object(App\Controllers\Admin\Orders))
#8 C:\xampp\htdocs\dianchan\vendor\codeigniter4\framework\system\CodeIgniter.php(333): CodeIgniter\CodeIgniter->handleRequest(NULL, Object(Config\Cache), false)
#9 C:\xampp\htdocs\dianchan\public\index.php(44): CodeIgniter\CodeIgniter->run()
#10 C:\xampp\htdocs\dianchan\vendor\codeigniter4\framework\system\Commands\Server\rewrite.php(45): require_once('C:\\xampp\\htdocs...')
#11 {main}
CRITICAL - 2021-02-26 11:29:41 --> You have an error in your SQL syntax; check the manual that corresponds to your MariaDB server version for the right syntax to use near '=0,"不外送 Tidak Antar","外送 Antar")
FROM `orders`
JOIN `orderdetail` O...' at line 1
#0 C:\xampp\htdocs\dianchan\vendor\codeigniter4\framework\system\Database\MySQLi\Connection.php(314): mysqli->query('SELECT `orders`...')
#1 C:\xampp\htdocs\dianchan\vendor\codeigniter4\framework\system\Database\BaseConnection.php(713): CodeIgniter\Database\MySQLi\Connection->execute('SELECT `orders`...')
#2 C:\xampp\htdocs\dianchan\vendor\codeigniter4\framework\system\Database\BaseConnection.php(641): CodeIgniter\Database\BaseConnection->simpleQuery('SELECT `orders`...')
#3 C:\xampp\htdocs\dianchan\vendor\codeigniter4\framework\system\Database\BaseBuilder.php(1866): CodeIgniter\Database\BaseConnection->query('SELECT `orders`...', Array, false)
#4 C:\xampp\htdocs\dianchan\app\Models\Orders_model.php(75): CodeIgniter\Database\BaseBuilder->get()
#5 C:\xampp\htdocs\dianchan\app\Controllers\Admin\Orders.php(32): App\Models\Orders_model->getPayedOrdersBy('U001')
#6 C:\xampp\htdocs\dianchan\vendor\codeigniter4\framework\system\CodeIgniter.php(936): App\Controllers\Admin\Orders->getOrd('U001')
#7 C:\xampp\htdocs\dianchan\vendor\codeigniter4\framework\system\CodeIgniter.php(432): CodeIgniter\CodeIgniter->runController(Object(App\Controllers\Admin\Orders))
#8 C:\xampp\htdocs\dianchan\vendor\codeigniter4\framework\system\CodeIgniter.php(333): CodeIgniter\CodeIgniter->handleRequest(NULL, Object(Config\Cache), false)
#9 C:\xampp\htdocs\dianchan\public\index.php(44): CodeIgniter\CodeIgniter->run()
#10 C:\xampp\htdocs\dianchan\vendor\codeigniter4\framework\system\Commands\Server\rewrite.php(45): require_once('C:\\xampp\\htdocs...')
#11 {main}
ERROR - 2021-02-26 11:29:46 --> mysqli_sql_exception: You have an error in your SQL syntax; check the manual that corresponds to your MariaDB server version for the right syntax to use near '=0,"不外送 Tidak Antar","外送 Antar")
FROM `orders`
JOIN `orderdetail` O...' at line 1 in C:\xampp\htdocs\dianchan\vendor\codeigniter4\framework\system\Database\MySQLi\Connection.php:314
Stack trace:
#0 C:\xampp\htdocs\dianchan\vendor\codeigniter4\framework\system\Database\MySQLi\Connection.php(314): mysqli->query('SELECT `orders`...')
#1 C:\xampp\htdocs\dianchan\vendor\codeigniter4\framework\system\Database\BaseConnection.php(713): CodeIgniter\Database\MySQLi\Connection->execute('SELECT `orders`...')
#2 C:\xampp\htdocs\dianchan\vendor\codeigniter4\framework\system\Database\BaseConnection.php(641): CodeIgniter\Database\BaseConnection->simpleQuery('SELECT `orders`...')
#3 C:\xampp\htdocs\dianchan\vendor\codeigniter4\framework\system\Database\BaseBuilder.php(1866): CodeIgniter\Database\BaseConnection->query('SELECT `orders`...', Array, false)
#4 C:\xampp\htdocs\dianchan\app\Models\Orders_model.php(75): CodeIgniter\Database\BaseBuilder->get()
#5 C:\xampp\htdocs\dianchan\app\Controllers\Admin\Orders.php(32): App\Models\Orders_model->getPayedOrdersBy('U002')
#6 C:\xampp\htdocs\dianchan\vendor\codeigniter4\framework\system\CodeIgniter.php(936): App\Controllers\Admin\Orders->getOrd('U002')
#7 C:\xampp\htdocs\dianchan\vendor\codeigniter4\framework\system\CodeIgniter.php(432): CodeIgniter\CodeIgniter->runController(Object(App\Controllers\Admin\Orders))
#8 C:\xampp\htdocs\dianchan\vendor\codeigniter4\framework\system\CodeIgniter.php(333): CodeIgniter\CodeIgniter->handleRequest(NULL, Object(Config\Cache), false)
#9 C:\xampp\htdocs\dianchan\public\index.php(44): CodeIgniter\CodeIgniter->run()
#10 C:\xampp\htdocs\dianchan\vendor\codeigniter4\framework\system\Commands\Server\rewrite.php(45): require_once('C:\\xampp\\htdocs...')
#11 {main}
CRITICAL - 2021-02-26 11:29:46 --> You have an error in your SQL syntax; check the manual that corresponds to your MariaDB server version for the right syntax to use near '=0,"不外送 Tidak Antar","外送 Antar")
FROM `orders`
JOIN `orderdetail` O...' at line 1
#0 C:\xampp\htdocs\dianchan\vendor\codeigniter4\framework\system\Database\MySQLi\Connection.php(314): mysqli->query('SELECT `orders`...')
#1 C:\xampp\htdocs\dianchan\vendor\codeigniter4\framework\system\Database\BaseConnection.php(713): CodeIgniter\Database\MySQLi\Connection->execute('SELECT `orders`...')
#2 C:\xampp\htdocs\dianchan\vendor\codeigniter4\framework\system\Database\BaseConnection.php(641): CodeIgniter\Database\BaseConnection->simpleQuery('SELECT `orders`...')
#3 C:\xampp\htdocs\dianchan\vendor\codeigniter4\framework\system\Database\BaseBuilder.php(1866): CodeIgniter\Database\BaseConnection->query('SELECT `orders`...', Array, false)
#4 C:\xampp\htdocs\dianchan\app\Models\Orders_model.php(75): CodeIgniter\Database\BaseBuilder->get()
#5 C:\xampp\htdocs\dianchan\app\Controllers\Admin\Orders.php(32): App\Models\Orders_model->getPayedOrdersBy('U002')
#6 C:\xampp\htdocs\dianchan\vendor\codeigniter4\framework\system\CodeIgniter.php(936): App\Controllers\Admin\Orders->getOrd('U002')
#7 C:\xampp\htdocs\dianchan\vendor\codeigniter4\framework\system\CodeIgniter.php(432): CodeIgniter\CodeIgniter->runController(Object(App\Controllers\Admin\Orders))
#8 C:\xampp\htdocs\dianchan\vendor\codeigniter4\framework\system\CodeIgniter.php(333): CodeIgniter\CodeIgniter->handleRequest(NULL, Object(Config\Cache), false)
#9 C:\xampp\htdocs\dianchan\public\index.php(44): CodeIgniter\CodeIgniter->run()
#10 C:\xampp\htdocs\dianchan\vendor\codeigniter4\framework\system\Commands\Server\rewrite.php(45): require_once('C:\\xampp\\htdocs...')
#11 {main}
ERROR - 2021-02-26 11:29:47 --> mysqli_sql_exception: You have an error in your SQL syntax; check the manual that corresponds to your MariaDB server version for the right syntax to use near '=0,"不外送 Tidak Antar","外送 Antar")
FROM `orders`
JOIN `orderdetail` O...' at line 1 in C:\xampp\htdocs\dianchan\vendor\codeigniter4\framework\system\Database\MySQLi\Connection.php:314
Stack trace:
#0 C:\xampp\htdocs\dianchan\vendor\codeigniter4\framework\system\Database\MySQLi\Connection.php(314): mysqli->query('SELECT `orders`...')
#1 C:\xampp\htdocs\dianchan\vendor\codeigniter4\framework\system\Database\BaseConnection.php(713): CodeIgniter\Database\MySQLi\Connection->execute('SELECT `orders`...')
#2 C:\xampp\htdocs\dianchan\vendor\codeigniter4\framework\system\Database\BaseConnection.php(641): CodeIgniter\Database\BaseConnection->simpleQuery('SELECT `orders`...')
#3 C:\xampp\htdocs\dianchan\vendor\codeigniter4\framework\system\Database\BaseBuilder.php(1866): CodeIgniter\Database\BaseConnection->query('SELECT `orders`...', Array, false)
#4 C:\xampp\htdocs\dianchan\app\Models\Orders_model.php(75): CodeIgniter\Database\BaseBuilder->get()
#5 C:\xampp\htdocs\dianchan\app\Controllers\Admin\Orders.php(32): App\Models\Orders_model->getPayedOrdersBy('U002')
#6 C:\xampp\htdocs\dianchan\vendor\codeigniter4\framework\system\CodeIgniter.php(936): App\Controllers\Admin\Orders->getOrd('U002')
#7 C:\xampp\htdocs\dianchan\vendor\codeigniter4\framework\system\CodeIgniter.php(432): CodeIgniter\CodeIgniter->runController(Object(App\Controllers\Admin\Orders))
#8 C:\xampp\htdocs\dianchan\vendor\codeigniter4\framework\system\CodeIgniter.php(333): CodeIgniter\CodeIgniter->handleRequest(NULL, Object(Config\Cache), false)
#9 C:\xampp\htdocs\dianchan\public\index.php(44): CodeIgniter\CodeIgniter->run()
#10 C:\xampp\htdocs\dianchan\vendor\codeigniter4\framework\system\Commands\Server\rewrite.php(45): require_once('C:\\xampp\\htdocs...')
#11 {main}
CRITICAL - 2021-02-26 11:29:47 --> You have an error in your SQL syntax; check the manual that corresponds to your MariaDB server version for the right syntax to use near '=0,"不外送 Tidak Antar","外送 Antar")
FROM `orders`
JOIN `orderdetail` O...' at line 1
#0 C:\xampp\htdocs\dianchan\vendor\codeigniter4\framework\system\Database\MySQLi\Connection.php(314): mysqli->query('SELECT `orders`...')
#1 C:\xampp\htdocs\dianchan\vendor\codeigniter4\framework\system\Database\BaseConnection.php(713): CodeIgniter\Database\MySQLi\Connection->execute('SELECT `orders`...')
#2 C:\xampp\htdocs\dianchan\vendor\codeigniter4\framework\system\Database\BaseConnection.php(641): CodeIgniter\Database\BaseConnection->simpleQuery('SELECT `orders`...')
#3 C:\xampp\htdocs\dianchan\vendor\codeigniter4\framework\system\Database\BaseBuilder.php(1866): CodeIgniter\Database\BaseConnection->query('SELECT `orders`...', Array, false)
#4 C:\xampp\htdocs\dianchan\app\Models\Orders_model.php(75): CodeIgniter\Database\BaseBuilder->get()
#5 C:\xampp\htdocs\dianchan\app\Controllers\Admin\Orders.php(32): App\Models\Orders_model->getPayedOrdersBy('U002')
#6 C:\xampp\htdocs\dianchan\vendor\codeigniter4\framework\system\CodeIgniter.php(936): App\Controllers\Admin\Orders->getOrd('U002')
#7 C:\xampp\htdocs\dianchan\vendor\codeigniter4\framework\system\CodeIgniter.php(432): CodeIgniter\CodeIgniter->runController(Object(App\Controllers\Admin\Orders))
#8 C:\xampp\htdocs\dianchan\vendor\codeigniter4\framework\system\CodeIgniter.php(333): CodeIgniter\CodeIgniter->handleRequest(NULL, Object(Config\Cache), false)
#9 C:\xampp\htdocs\dianchan\public\index.php(44): CodeIgniter\CodeIgniter->run()
#10 C:\xampp\htdocs\dianchan\vendor\codeigniter4\framework\system\Commands\Server\rewrite.php(45): require_once('C:\\xampp\\htdocs...')
#11 {main}
ERROR - 2021-02-26 11:29:48 --> mysqli_sql_exception: You have an error in your SQL syntax; check the manual that corresponds to your MariaDB server version for the right syntax to use near '=0,"不外送 Tidak Antar","外送 Antar")
FROM `orders`
JOIN `orderdetail` O...' at line 1 in C:\xampp\htdocs\dianchan\vendor\codeigniter4\framework\system\Database\MySQLi\Connection.php:314
Stack trace:
#0 C:\xampp\htdocs\dianchan\vendor\codeigniter4\framework\system\Database\MySQLi\Connection.php(314): mysqli->query('SELECT `orders`...')
#1 C:\xampp\htdocs\dianchan\vendor\codeigniter4\framework\system\Database\BaseConnection.php(713): CodeIgniter\Database\MySQLi\Connection->execute('SELECT `orders`...')
#2 C:\xampp\htdocs\dianchan\vendor\codeigniter4\framework\system\Database\BaseConnection.php(641): CodeIgniter\Database\BaseConnection->simpleQuery('SELECT `orders`...')
#3 C:\xampp\htdocs\dianchan\vendor\codeigniter4\framework\system\Database\BaseBuilder.php(1866): CodeIgniter\Database\BaseConnection->query('SELECT `orders`...', Array, false)
#4 C:\xampp\htdocs\dianchan\app\Models\Orders_model.php(75): CodeIgniter\Database\BaseBuilder->get()
#5 C:\xampp\htdocs\dianchan\app\Controllers\Admin\Orders.php(32): App\Models\Orders_model->getPayedOrdersBy('U001')
#6 C:\xampp\htdocs\dianchan\vendor\codeigniter4\framework\system\CodeIgniter.php(936): App\Controllers\Admin\Orders->getOrd('U001')
#7 C:\xampp\htdocs\dianchan\vendor\codeigniter4\framework\system\CodeIgniter.php(432): CodeIgniter\CodeIgniter->runController(Object(App\Controllers\Admin\Orders))
#8 C:\xampp\htdocs\dianchan\vendor\codeigniter4\framework\system\CodeIgniter.php(333): CodeIgniter\CodeIgniter->handleRequest(NULL, Object(Config\Cache), false)
#9 C:\xampp\htdocs\dianchan\public\index.php(44): CodeIgniter\CodeIgniter->run()
#10 C:\xampp\htdocs\dianchan\vendor\codeigniter4\framework\system\Commands\Server\rewrite.php(45): require_once('C:\\xampp\\htdocs...')
#11 {main}
CRITICAL - 2021-02-26 11:29:48 --> You have an error in your SQL syntax; check the manual that corresponds to your MariaDB server version for the right syntax to use near '=0,"不外送 Tidak Antar","外送 Antar")
FROM `orders`
JOIN `orderdetail` O...' at line 1
#0 C:\xampp\htdocs\dianchan\vendor\codeigniter4\framework\system\Database\MySQLi\Connection.php(314): mysqli->query('SELECT `orders`...')
#1 C:\xampp\htdocs\dianchan\vendor\codeigniter4\framework\system\Database\BaseConnection.php(713): CodeIgniter\Database\MySQLi\Connection->execute('SELECT `orders`...')
#2 C:\xampp\htdocs\dianchan\vendor\codeigniter4\framework\system\Database\BaseConnection.php(641): CodeIgniter\Database\BaseConnection->simpleQuery('SELECT `orders`...')
#3 C:\xampp\htdocs\dianchan\vendor\codeigniter4\framework\system\Database\BaseBuilder.php(1866): CodeIgniter\Database\BaseConnection->query('SELECT `orders`...', Array, false)
#4 C:\xampp\htdocs\dianchan\app\Models\Orders_model.php(75): CodeIgniter\Database\BaseBuilder->get()
#5 C:\xampp\htdocs\dianchan\app\Controllers\Admin\Orders.php(32): App\Models\Orders_model->getPayedOrdersBy('U001')
#6 C:\xampp\htdocs\dianchan\vendor\codeigniter4\framework\system\CodeIgniter.php(936): App\Controllers\Admin\Orders->getOrd('U001')
#7 C:\xampp\htdocs\dianchan\vendor\codeigniter4\framework\system\CodeIgniter.php(432): CodeIgniter\CodeIgniter->runController(Object(App\Controllers\Admin\Orders))
#8 C:\xampp\htdocs\dianchan\vendor\codeigniter4\framework\system\CodeIgniter.php(333): CodeIgniter\CodeIgniter->handleRequest(NULL, Object(Config\Cache), false)
#9 C:\xampp\htdocs\dianchan\public\index.php(44): CodeIgniter\CodeIgniter->run()
#10 C:\xampp\htdocs\dianchan\vendor\codeigniter4\framework\system\Commands\Server\rewrite.php(45): require_once('C:\\xampp\\htdocs...')
#11 {main}
ERROR - 2021-02-26 11:30:10 --> mysqli_sql_exception: You have an error in your SQL syntax; check the manual that corresponds to your MariaDB server version for the right syntax to use near '=0,"不外送 Tidak Antar","外送 Antar") As deliverySta
FROM `orders`
JOIN ...' at line 1 in C:\xampp\htdocs\dianchan\vendor\codeigniter4\framework\system\Database\MySQLi\Connection.php:314
Stack trace:
#0 C:\xampp\htdocs\dianchan\vendor\codeigniter4\framework\system\Database\MySQLi\Connection.php(314): mysqli->query('SELECT `orders`...')
#1 C:\xampp\htdocs\dianchan\vendor\codeigniter4\framework\system\Database\BaseConnection.php(713): CodeIgniter\Database\MySQLi\Connection->execute('SELECT `orders`...')
#2 C:\xampp\htdocs\dianchan\vendor\codeigniter4\framework\system\Database\BaseConnection.php(641): CodeIgniter\Database\BaseConnection->simpleQuery('SELECT `orders`...')
#3 C:\xampp\htdocs\dianchan\vendor\codeigniter4\framework\system\Database\BaseBuilder.php(1866): CodeIgniter\Database\BaseConnection->query('SELECT `orders`...', Array, false)
#4 C:\xampp\htdocs\dianchan\app\Models\Orders_model.php(75): CodeIgniter\Database\BaseBuilder->get()
#5 C:\xampp\htdocs\dianchan\app\Controllers\Admin\Orders.php(32): App\Models\Orders_model->getPayedOrdersBy('U001')
#6 C:\xampp\htdocs\dianchan\vendor\codeigniter4\framework\system\CodeIgniter.php(936): App\Controllers\Admin\Orders->getOrd('U001')
#7 C:\xampp\htdocs\dianchan\vendor\codeigniter4\framework\system\CodeIgniter.php(432): CodeIgniter\CodeIgniter->runController(Object(App\Controllers\Admin\Orders))
#8 C:\xampp\htdocs\dianchan\vendor\codeigniter4\framework\system\CodeIgniter.php(333): CodeIgniter\CodeIgniter->handleRequest(NULL, Object(Config\Cache), false)
#9 C:\xampp\htdocs\dianchan\public\index.php(44): CodeIgniter\CodeIgniter->run()
#10 C:\xampp\htdocs\dianchan\vendor\codeigniter4\framework\system\Commands\Server\rewrite.php(45): require_once('C:\\xampp\\htdocs...')
#11 {main}
CRITICAL - 2021-02-26 11:30:10 --> You have an error in your SQL syntax; check the manual that corresponds to your MariaDB server version for the right syntax to use near '=0,"不外送 Tidak Antar","外送 Antar") As deliverySta
FROM `orders`
JOIN ...' at line 1
#0 C:\xampp\htdocs\dianchan\vendor\codeigniter4\framework\system\Database\MySQLi\Connection.php(314): mysqli->query('SELECT `orders`...')
#1 C:\xampp\htdocs\dianchan\vendor\codeigniter4\framework\system\Database\BaseConnection.php(713): CodeIgniter\Database\MySQLi\Connection->execute('SELECT `orders`...')
#2 C:\xampp\htdocs\dianchan\vendor\codeigniter4\framework\system\Database\BaseConnection.php(641): CodeIgniter\Database\BaseConnection->simpleQuery('SELECT `orders`...')
#3 C:\xampp\htdocs\dianchan\vendor\codeigniter4\framework\system\Database\BaseBuilder.php(1866): CodeIgniter\Database\BaseConnection->query('SELECT `orders`...', Array, false)
#4 C:\xampp\htdocs\dianchan\app\Models\Orders_model.php(75): CodeIgniter\Database\BaseBuilder->get()
#5 C:\xampp\htdocs\dianchan\app\Controllers\Admin\Orders.php(32): App\Models\Orders_model->getPayedOrdersBy('U001')
#6 C:\xampp\htdocs\dianchan\vendor\codeigniter4\framework\system\CodeIgniter.php(936): App\Controllers\Admin\Orders->getOrd('U001')
#7 C:\xampp\htdocs\dianchan\vendor\codeigniter4\framework\system\CodeIgniter.php(432): CodeIgniter\CodeIgniter->runController(Object(App\Controllers\Admin\Orders))
#8 C:\xampp\htdocs\dianchan\vendor\codeigniter4\framework\system\CodeIgniter.php(333): CodeIgniter\CodeIgniter->handleRequest(NULL, Object(Config\Cache), false)
#9 C:\xampp\htdocs\dianchan\public\index.php(44): CodeIgniter\CodeIgniter->run()
#10 C:\xampp\htdocs\dianchan\vendor\codeigniter4\framework\system\Commands\Server\rewrite.php(45): require_once('C:\\xampp\\htdocs...')
#11 {main}
