CRITICAL - 2021-02-14 08:43:09 --> Call to undefined function CodeIgniter\locale_set_default()
#0 C:\xampp\htdocs\dianchan\vendor\codeigniter4\framework\system\bootstrap.php(159): CodeIgniter\CodeIgniter->initialize()
#1 C:\xampp\htdocs\dianchan\spark(53): require('C:\\xampp\\htdocs...')
#2 {main}
CRITICAL - 2021-02-14 03:50:38 --> Call to a member function findall() on null
#0 C:\xampp\htdocs\dianchan\vendor\codeigniter4\framework\system\CodeIgniter.php(936): App\Controllers\Food->index()
#1 C:\xampp\htdocs\dianchan\vendor\codeigniter4\framework\system\CodeIgniter.php(432): CodeIgniter\CodeIgniter->runController(Object(App\Controllers\Food))
#2 C:\xampp\htdocs\dianchan\vendor\codeigniter4\framework\system\CodeIgniter.php(333): CodeIgniter\CodeIgniter->handleRequest(NULL, Object(Config\Cache), false)
#3 C:\xampp\htdocs\dianchan\public\index.php(44): CodeIgniter\CodeIgniter->run()
#4 C:\xampp\htdocs\dianchan\vendor\codeigniter4\framework\system\Commands\Server\rewrite.php(45): require_once('C:\\xampp\\htdocs...')
#5 {main}
CRITICAL - 2021-02-14 03:50:51 --> Call to a member function findAll() on null
#0 C:\xampp\htdocs\dianchan\vendor\codeigniter4\framework\system\CodeIgniter.php(936): App\Controllers\Food->index()
#1 C:\xampp\htdocs\dianchan\vendor\codeigniter4\framework\system\CodeIgniter.php(432): CodeIgniter\CodeIgniter->runController(Object(App\Controllers\Food))
#2 C:\xampp\htdocs\dianchan\vendor\codeigniter4\framework\system\CodeIgniter.php(333): CodeIgniter\CodeIgniter->handleRequest(NULL, Object(Config\Cache), false)
#3 C:\xampp\htdocs\dianchan\public\index.php(44): CodeIgniter\CodeIgniter->run()
#4 C:\xampp\htdocs\dianchan\vendor\codeigniter4\framework\system\Commands\Server\rewrite.php(45): require_once('C:\\xampp\\htdocs...')
#5 {main}
CRITICAL - 2021-02-14 03:57:40 --> Call to a member function findAll() on null
#0 C:\xampp\htdocs\dianchan\vendor\codeigniter4\framework\system\CodeIgniter.php(936): App\Controllers\Food->index()
#1 C:\xampp\htdocs\dianchan\vendor\codeigniter4\framework\system\CodeIgniter.php(432): CodeIgniter\CodeIgniter->runController(Object(App\Controllers\Food))
#2 C:\xampp\htdocs\dianchan\vendor\codeigniter4\framework\system\CodeIgniter.php(333): CodeIgniter\CodeIgniter->handleRequest(NULL, Object(Config\Cache), false)
#3 C:\xampp\htdocs\dianchan\public\index.php(44): CodeIgniter\CodeIgniter->run()
#4 C:\xampp\htdocs\dianchan\vendor\codeigniter4\framework\system\Commands\Server\rewrite.php(45): require_once('C:\\xampp\\htdocs...')
#5 {main}
ERROR - 2021-02-14 04:01:41 --> mysqli_sql_exception: Unknown column 'food.deleted_at' in 'where clause' in C:\xampp\htdocs\dianchan\vendor\codeigniter4\framework\system\Database\MySQLi\Connection.php:314
Stack trace:
#0 C:\xampp\htdocs\dianchan\vendor\codeigniter4\framework\system\Database\MySQLi\Connection.php(314): mysqli->query('SELECT *\nFROM `...')
#1 C:\xampp\htdocs\dianchan\vendor\codeigniter4\framework\system\Database\BaseConnection.php(713): CodeIgniter\Database\MySQLi\Connection->execute('SELECT *\nFROM `...')
#2 C:\xampp\htdocs\dianchan\vendor\codeigniter4\framework\system\Database\BaseConnection.php(641): CodeIgniter\Database\BaseConnection->simpleQuery('SELECT *\nFROM `...')
#3 C:\xampp\htdocs\dianchan\vendor\codeigniter4\framework\system\Database\BaseBuilder.php(1866): CodeIgniter\Database\BaseConnection->query('SELECT *\nFROM `...', Array, false)
#4 C:\xampp\htdocs\dianchan\vendor\codeigniter4\framework\system\Model.php(213): CodeIgniter\Database\BaseBuilder->get()
#5 C:\xampp\htdocs\dianchan\vendor\codeigniter4\framework\system\BaseModel.php(583): CodeIgniter\Model->doFindAll(0, 0)
#6 C:\xampp\htdocs\dianchan\app\Controllers\Food.php(17): CodeIgniter\BaseModel->findAll()
#7 C:\xampp\htdocs\dianchan\vendor\codeigniter4\framework\system\CodeIgniter.php(936): App\Controllers\Food->index()
#8 C:\xampp\htdocs\dianchan\vendor\codeigniter4\framework\system\CodeIgniter.php(432): CodeIgniter\CodeIgniter->runController(Object(App\Controllers\Food))
#9 C:\xampp\htdocs\dianchan\vendor\codeigniter4\framework\system\CodeIgniter.php(333): CodeIgniter\CodeIgniter->handleRequest(NULL, Object(Config\Cache), false)
#10 C:\xampp\htdocs\dianchan\public\index.php(44): CodeIgniter\CodeIgniter->run()
#11 C:\xampp\htdocs\dianchan\vendor\codeigniter4\framework\system\Commands\Server\rewrite.php(45): require_once('C:\\xampp\\htdocs...')
#12 {main}
CRITICAL - 2021-02-14 04:01:41 --> Unknown column 'food.deleted_at' in 'where clause'
#0 C:\xampp\htdocs\dianchan\vendor\codeigniter4\framework\system\Database\MySQLi\Connection.php(314): mysqli->query('SELECT *\nFROM `...')
#1 C:\xampp\htdocs\dianchan\vendor\codeigniter4\framework\system\Database\BaseConnection.php(713): CodeIgniter\Database\MySQLi\Connection->execute('SELECT *\nFROM `...')
#2 C:\xampp\htdocs\dianchan\vendor\codeigniter4\framework\system\Database\BaseConnection.php(641): CodeIgniter\Database\BaseConnection->simpleQuery('SELECT *\nFROM `...')
#3 C:\xampp\htdocs\dianchan\vendor\codeigniter4\framework\system\Database\BaseBuilder.php(1866): CodeIgniter\Database\BaseConnection->query('SELECT *\nFROM `...', Array, false)
#4 C:\xampp\htdocs\dianchan\vendor\codeigniter4\framework\system\Model.php(213): CodeIgniter\Database\BaseBuilder->get()
#5 C:\xampp\htdocs\dianchan\vendor\codeigniter4\framework\system\BaseModel.php(583): CodeIgniter\Model->doFindAll(0, 0)
#6 C:\xampp\htdocs\dianchan\app\Controllers\Food.php(17): CodeIgniter\BaseModel->findAll()
#7 C:\xampp\htdocs\dianchan\vendor\codeigniter4\framework\system\CodeIgniter.php(936): App\Controllers\Food->index()
#8 C:\xampp\htdocs\dianchan\vendor\codeigniter4\framework\system\CodeIgniter.php(432): CodeIgniter\CodeIgniter->runController(Object(App\Controllers\Food))
#9 C:\xampp\htdocs\dianchan\vendor\codeigniter4\framework\system\CodeIgniter.php(333): CodeIgniter\CodeIgniter->handleRequest(NULL, Object(Config\Cache), false)
#10 C:\xampp\htdocs\dianchan\public\index.php(44): CodeIgniter\CodeIgniter->run()
#11 C:\xampp\htdocs\dianchan\vendor\codeigniter4\framework\system\Commands\Server\rewrite.php(45): require_once('C:\\xampp\\htdocs...')
#12 {main}
CRITICAL - 2021-02-14 04:29:58 --> Undefined variable: row
#0 C:\xampp\htdocs\dianchan\app\Views\admin\food\v_food_main.php(42): CodeIgniter\Debug\Exceptions->errorHandler(8, 'Undefined varia...', 'C:\\xampp\\htdocs...', 42, Array)
#1 C:\xampp\htdocs\dianchan\vendor\codeigniter4\framework\system\View\View.php(220): include('C:\\xampp\\htdocs...')
#2 C:\xampp\htdocs\dianchan\vendor\codeigniter4\framework\system\View\View.php(222): CodeIgniter\View\View->CodeIgniter\View\{closure}()
#3 C:\xampp\htdocs\dianchan\vendor\codeigniter4\framework\system\Common.php(1217): CodeIgniter\View\View->render('admin/food/v_fo...', Array, true)
#4 C:\xampp\htdocs\dianchan\app\Controllers\Food.php(13): view('admin/food/v_fo...', Array)
#5 C:\xampp\htdocs\dianchan\vendor\codeigniter4\framework\system\CodeIgniter.php(936): App\Controllers\Food->index()
#6 C:\xampp\htdocs\dianchan\vendor\codeigniter4\framework\system\CodeIgniter.php(432): CodeIgniter\CodeIgniter->runController(Object(App\Controllers\Food))
#7 C:\xampp\htdocs\dianchan\vendor\codeigniter4\framework\system\CodeIgniter.php(333): CodeIgniter\CodeIgniter->handleRequest(NULL, Object(Config\Cache), false)
#8 C:\xampp\htdocs\dianchan\public\index.php(44): CodeIgniter\CodeIgniter->run()
#9 C:\xampp\htdocs\dianchan\vendor\codeigniter4\framework\system\Commands\Server\rewrite.php(45): require_once('C:\\xampp\\htdocs...')
#10 {main}
CRITICAL - 2021-02-14 04:32:31 --> Undefined variable: row
#0 C:\xampp\htdocs\dianchan\app\Views\admin\food\v_food_main.php(42): CodeIgniter\Debug\Exceptions->errorHandler(8, 'Undefined varia...', 'C:\\xampp\\htdocs...', 42, Array)
#1 C:\xampp\htdocs\dianchan\vendor\codeigniter4\framework\system\View\View.php(220): include('C:\\xampp\\htdocs...')
#2 C:\xampp\htdocs\dianchan\vendor\codeigniter4\framework\system\View\View.php(222): CodeIgniter\View\View->CodeIgniter\View\{closure}()
#3 C:\xampp\htdocs\dianchan\vendor\codeigniter4\framework\system\Common.php(1217): CodeIgniter\View\View->render('admin/food/v_fo...', Array, true)
#4 C:\xampp\htdocs\dianchan\app\Controllers\Food.php(14): view('admin/food/v_fo...', Array)
#5 C:\xampp\htdocs\dianchan\vendor\codeigniter4\framework\system\CodeIgniter.php(936): App\Controllers\Food->index()
#6 C:\xampp\htdocs\dianchan\vendor\codeigniter4\framework\system\CodeIgniter.php(432): CodeIgniter\CodeIgniter->runController(Object(App\Controllers\Food))
#7 C:\xampp\htdocs\dianchan\vendor\codeigniter4\framework\system\CodeIgniter.php(333): CodeIgniter\CodeIgniter->handleRequest(NULL, Object(Config\Cache), false)
#8 C:\xampp\htdocs\dianchan\public\index.php(44): CodeIgniter\CodeIgniter->run()
#9 C:\xampp\htdocs\dianchan\vendor\codeigniter4\framework\system\Commands\Server\rewrite.php(45): require_once('C:\\xampp\\htdocs...')
#10 {main}
CRITICAL - 2021-02-14 04:34:56 --> Undefined variable: row
#0 C:\xampp\htdocs\dianchan\app\Views\admin\food\v_food_main.php(42): CodeIgniter\Debug\Exceptions->errorHandler(8, 'Undefined varia...', 'C:\\xampp\\htdocs...', 42, Array)
#1 C:\xampp\htdocs\dianchan\vendor\codeigniter4\framework\system\View\View.php(220): include('C:\\xampp\\htdocs...')
#2 C:\xampp\htdocs\dianchan\vendor\codeigniter4\framework\system\View\View.php(222): CodeIgniter\View\View->CodeIgniter\View\{closure}()
#3 C:\xampp\htdocs\dianchan\vendor\codeigniter4\framework\system\Common.php(1217): CodeIgniter\View\View->render('admin/food/v_fo...', Array, true)
#4 C:\xampp\htdocs\dianchan\app\Controllers\Food.php(14): view('admin/food/v_fo...', Array)
#5 C:\xampp\htdocs\dianchan\vendor\codeigniter4\framework\system\CodeIgniter.php(936): App\Controllers\Food->index()
#6 C:\xampp\htdocs\dianchan\vendor\codeigniter4\framework\system\CodeIgniter.php(432): CodeIgniter\CodeIgniter->runController(Object(App\Controllers\Food))
#7 C:\xampp\htdocs\dianchan\vendor\codeigniter4\framework\system\CodeIgniter.php(333): CodeIgniter\CodeIgniter->handleRequest(NULL, Object(Config\Cache), false)
#8 C:\xampp\htdocs\dianchan\public\index.php(44): CodeIgniter\CodeIgniter->run()
#9 C:\xampp\htdocs\dianchan\vendor\codeigniter4\framework\system\Commands\Server\rewrite.php(45): require_once('C:\\xampp\\htdocs...')
#10 {main}
CRITICAL - 2021-02-14 04:35:38 --> Undefined variable: row
#0 C:\xampp\htdocs\dianchan\app\Views\admin\food\v_food_main.php(42): CodeIgniter\Debug\Exceptions->errorHandler(8, 'Undefined varia...', 'C:\\xampp\\htdocs...', 42, Array)
#1 C:\xampp\htdocs\dianchan\vendor\codeigniter4\framework\system\View\View.php(220): include('C:\\xampp\\htdocs...')
#2 C:\xampp\htdocs\dianchan\vendor\codeigniter4\framework\system\View\View.php(222): CodeIgniter\View\View->CodeIgniter\View\{closure}()
#3 C:\xampp\htdocs\dianchan\vendor\codeigniter4\framework\system\Common.php(1217): CodeIgniter\View\View->render('admin/food/v_fo...', Array, true)
#4 C:\xampp\htdocs\dianchan\app\Controllers\Food.php(14): view('admin/food/v_fo...', Array)
#5 C:\xampp\htdocs\dianchan\vendor\codeigniter4\framework\system\CodeIgniter.php(936): App\Controllers\Food->index()
#6 C:\xampp\htdocs\dianchan\vendor\codeigniter4\framework\system\CodeIgniter.php(432): CodeIgniter\CodeIgniter->runController(Object(App\Controllers\Food))
#7 C:\xampp\htdocs\dianchan\vendor\codeigniter4\framework\system\CodeIgniter.php(333): CodeIgniter\CodeIgniter->handleRequest(NULL, Object(Config\Cache), false)
#8 C:\xampp\htdocs\dianchan\public\index.php(44): CodeIgniter\CodeIgniter->run()
#9 C:\xampp\htdocs\dianchan\vendor\codeigniter4\framework\system\Commands\Server\rewrite.php(45): require_once('C:\\xampp\\htdocs...')
#10 {main}
CRITICAL - 2021-02-14 04:37:28 --> Undefined variable: row
#0 C:\xampp\htdocs\dianchan\app\Views\admin\food\v_food_main.php(42): CodeIgniter\Debug\Exceptions->errorHandler(8, 'Undefined varia...', 'C:\\xampp\\htdocs...', 42, Array)
#1 C:\xampp\htdocs\dianchan\vendor\codeigniter4\framework\system\View\View.php(220): include('C:\\xampp\\htdocs...')
#2 C:\xampp\htdocs\dianchan\vendor\codeigniter4\framework\system\View\View.php(222): CodeIgniter\View\View->CodeIgniter\View\{closure}()
#3 C:\xampp\htdocs\dianchan\vendor\codeigniter4\framework\system\Common.php(1217): CodeIgniter\View\View->render('admin/food/v_fo...', Array, true)
#4 C:\xampp\htdocs\dianchan\app\Controllers\Food.php(14): view('admin/food/v_fo...', Array)
#5 C:\xampp\htdocs\dianchan\vendor\codeigniter4\framework\system\CodeIgniter.php(936): App\Controllers\Food->index()
#6 C:\xampp\htdocs\dianchan\vendor\codeigniter4\framework\system\CodeIgniter.php(432): CodeIgniter\CodeIgniter->runController(Object(App\Controllers\Food))
#7 C:\xampp\htdocs\dianchan\vendor\codeigniter4\framework\system\CodeIgniter.php(333): CodeIgniter\CodeIgniter->handleRequest(NULL, Object(Config\Cache), false)
#8 C:\xampp\htdocs\dianchan\public\index.php(44): CodeIgniter\CodeIgniter->run()
#9 C:\xampp\htdocs\dianchan\vendor\codeigniter4\framework\system\Commands\Server\rewrite.php(45): require_once('C:\\xampp\\htdocs...')
#10 {main}
CRITICAL - 2021-02-14 04:37:39 --> Undefined variable: r
#0 C:\xampp\htdocs\dianchan\app\Views\admin\food\v_food_main.php(42): CodeIgniter\Debug\Exceptions->errorHandler(8, 'Undefined varia...', 'C:\\xampp\\htdocs...', 42, Array)
#1 C:\xampp\htdocs\dianchan\vendor\codeigniter4\framework\system\View\View.php(220): include('C:\\xampp\\htdocs...')
#2 C:\xampp\htdocs\dianchan\vendor\codeigniter4\framework\system\View\View.php(222): CodeIgniter\View\View->CodeIgniter\View\{closure}()
#3 C:\xampp\htdocs\dianchan\vendor\codeigniter4\framework\system\Common.php(1217): CodeIgniter\View\View->render('admin/food/v_fo...', Array, true)
#4 C:\xampp\htdocs\dianchan\app\Controllers\Food.php(14): view('admin/food/v_fo...', Array)
#5 C:\xampp\htdocs\dianchan\vendor\codeigniter4\framework\system\CodeIgniter.php(936): App\Controllers\Food->index()
#6 C:\xampp\htdocs\dianchan\vendor\codeigniter4\framework\system\CodeIgniter.php(432): CodeIgniter\CodeIgniter->runController(Object(App\Controllers\Food))
#7 C:\xampp\htdocs\dianchan\vendor\codeigniter4\framework\system\CodeIgniter.php(333): CodeIgniter\CodeIgniter->handleRequest(NULL, Object(Config\Cache), false)
#8 C:\xampp\htdocs\dianchan\public\index.php(44): CodeIgniter\CodeIgniter->run()
#9 C:\xampp\htdocs\dianchan\vendor\codeigniter4\framework\system\Commands\Server\rewrite.php(45): require_once('C:\\xampp\\htdocs...')
#10 {main}
CRITICAL - 2021-02-14 04:37:40 --> Undefined variable: r
#0 C:\xampp\htdocs\dianchan\app\Views\admin\food\v_food_main.php(42): CodeIgniter\Debug\Exceptions->errorHandler(8, 'Undefined varia...', 'C:\\xampp\\htdocs...', 42, Array)
#1 C:\xampp\htdocs\dianchan\vendor\codeigniter4\framework\system\View\View.php(220): include('C:\\xampp\\htdocs...')
#2 C:\xampp\htdocs\dianchan\vendor\codeigniter4\framework\system\View\View.php(222): CodeIgniter\View\View->CodeIgniter\View\{closure}()
#3 C:\xampp\htdocs\dianchan\vendor\codeigniter4\framework\system\Common.php(1217): CodeIgniter\View\View->render('admin/food/v_fo...', Array, true)
#4 C:\xampp\htdocs\dianchan\app\Controllers\Food.php(14): view('admin/food/v_fo...', Array)
#5 C:\xampp\htdocs\dianchan\vendor\codeigniter4\framework\system\CodeIgniter.php(936): App\Controllers\Food->index()
#6 C:\xampp\htdocs\dianchan\vendor\codeigniter4\framework\system\CodeIgniter.php(432): CodeIgniter\CodeIgniter->runController(Object(App\Controllers\Food))
#7 C:\xampp\htdocs\dianchan\vendor\codeigniter4\framework\system\CodeIgniter.php(333): CodeIgniter\CodeIgniter->handleRequest(NULL, Object(Config\Cache), false)
#8 C:\xampp\htdocs\dianchan\public\index.php(44): CodeIgniter\CodeIgniter->run()
#9 C:\xampp\htdocs\dianchan\vendor\codeigniter4\framework\system\Commands\Server\rewrite.php(45): require_once('C:\\xampp\\htdocs...')
#10 {main}
CRITICAL - 2021-02-14 04:38:51 --> Undefined variable: row
#0 C:\xampp\htdocs\dianchan\app\Views\admin\food\v_food_main.php(43): CodeIgniter\Debug\Exceptions->errorHandler(8, 'Undefined varia...', 'C:\\xampp\\htdocs...', 43, Array)
#1 C:\xampp\htdocs\dianchan\vendor\codeigniter4\framework\system\View\View.php(220): include('C:\\xampp\\htdocs...')
#2 C:\xampp\htdocs\dianchan\vendor\codeigniter4\framework\system\View\View.php(222): CodeIgniter\View\View->CodeIgniter\View\{closure}()
#3 C:\xampp\htdocs\dianchan\vendor\codeigniter4\framework\system\Common.php(1217): CodeIgniter\View\View->render('admin/food/v_fo...', Array, true)
#4 C:\xampp\htdocs\dianchan\app\Controllers\Food.php(14): view('admin/food/v_fo...', Array)
#5 C:\xampp\htdocs\dianchan\vendor\codeigniter4\framework\system\CodeIgniter.php(936): App\Controllers\Food->index()
#6 C:\xampp\htdocs\dianchan\vendor\codeigniter4\framework\system\CodeIgniter.php(432): CodeIgniter\CodeIgniter->runController(Object(App\Controllers\Food))
#7 C:\xampp\htdocs\dianchan\vendor\codeigniter4\framework\system\CodeIgniter.php(333): CodeIgniter\CodeIgniter->handleRequest(NULL, Object(Config\Cache), false)
#8 C:\xampp\htdocs\dianchan\public\index.php(44): CodeIgniter\CodeIgniter->run()
#9 C:\xampp\htdocs\dianchan\vendor\codeigniter4\framework\system\Commands\Server\rewrite.php(45): require_once('C:\\xampp\\htdocs...')
#10 {main}
