ERROR - 2021-04-09 10:05:39 --> mysqli_sql_exception: You have an error in your SQL syntax; check the manual that corresponds to your MariaDB server version for the right syntax to use near '2021-04-02'
AND DATE_FORMAT(orders.created_at, "%Y-%m-%d") <= '2021-04-09'
AN...' at line 1 in E:\xampp\htdocs\diancan\vendor\codeigniter4\framework\system\Database\MySQLi\Connection.php:314
Stack trace:
#0 E:\xampp\htdocs\diancan\vendor\codeigniter4\framework\system\Database\MySQLi\Connection.php(314): mysqli->query('SELECT concat('...')
#1 E:\xampp\htdocs\diancan\vendor\codeigniter4\framework\system\Database\BaseConnection.php(713): CodeIgniter\Database\MySQLi\Connection->execute('SELECT concat('...')
#2 E:\xampp\htdocs\diancan\vendor\codeigniter4\framework\system\Database\BaseConnection.php(641): CodeIgniter\Database\BaseConnection->simpleQuery('SELECT concat('...')
#3 E:\xampp\htdocs\diancan\vendor\codeigniter4\framework\system\Database\BaseBuilder.php(1866): CodeIgniter\Database\BaseConnection->query('SELECT concat('...', Array, false)
#4 E:\xampp\htdocs\diancan\app\Models\Orders_model.php(296): CodeIgniter\Database\BaseBuilder->get()
#5 E:\xampp\htdocs\diancan\app\Controllers\Admin\Report.php(50): App\Models\Orders_model->expIncome('2021-04-02', '2021-04-09', 'all', 'all')
#6 E:\xampp\htdocs\diancan\vendor\codeigniter4\framework\system\CodeIgniter.php(876): App\Controllers\Admin\Report->income_export('2021-04-02', '2021-04-09', 'all', 'all')
#7 E:\xampp\htdocs\diancan\vendor\codeigniter4\framework\system\CodeIgniter.php(411): CodeIgniter\CodeIgniter->runController(Object(App\Controllers\Admin\Report))
#8 E:\xampp\htdocs\diancan\vendor\codeigniter4\framework\system\CodeIgniter.php(322): CodeIgniter\CodeIgniter->handleRequest(NULL, Object(Config\Cache), false)
#9 E:\xampp\htdocs\diancan\public\index.php(44): CodeIgniter\CodeIgniter->run()
#10 {main}
CRITICAL - 2021-04-09 10:05:39 --> You have an error in your SQL syntax; check the manual that corresponds to your MariaDB server version for the right syntax to use near '2021-04-02'
AND DATE_FORMAT(orders.created_at, "%Y-%m-%d") <= '2021-04-09'
AN...' at line 1
#0 E:\xampp\htdocs\diancan\vendor\codeigniter4\framework\system\Database\MySQLi\Connection.php(314): mysqli->query('SELECT concat('...')
#1 E:\xampp\htdocs\diancan\vendor\codeigniter4\framework\system\Database\BaseConnection.php(713): CodeIgniter\Database\MySQLi\Connection->execute('SELECT concat('...')
#2 E:\xampp\htdocs\diancan\vendor\codeigniter4\framework\system\Database\BaseConnection.php(641): CodeIgniter\Database\BaseConnection->simpleQuery('SELECT concat('...')
#3 E:\xampp\htdocs\diancan\vendor\codeigniter4\framework\system\Database\BaseBuilder.php(1866): CodeIgniter\Database\BaseConnection->query('SELECT concat('...', Array, false)
#4 E:\xampp\htdocs\diancan\app\Models\Orders_model.php(296): CodeIgniter\Database\BaseBuilder->get()
#5 E:\xampp\htdocs\diancan\app\Controllers\Admin\Report.php(50): App\Models\Orders_model->expIncome('2021-04-02', '2021-04-09', 'all', 'all')
#6 E:\xampp\htdocs\diancan\vendor\codeigniter4\framework\system\CodeIgniter.php(876): App\Controllers\Admin\Report->income_export('2021-04-02', '2021-04-09', 'all', 'all')
#7 E:\xampp\htdocs\diancan\vendor\codeigniter4\framework\system\CodeIgniter.php(411): CodeIgniter\CodeIgniter->runController(Object(App\Controllers\Admin\Report))
#8 E:\xampp\htdocs\diancan\vendor\codeigniter4\framework\system\CodeIgniter.php(322): CodeIgniter\CodeIgniter->handleRequest(NULL, Object(Config\Cache), false)
#9 E:\xampp\htdocs\diancan\public\index.php(44): CodeIgniter\CodeIgniter->run()
#10 {main}
ERROR - 2021-04-09 10:05:43 --> mysqli_sql_exception: You have an error in your SQL syntax; check the manual that corresponds to your MariaDB server version for the right syntax to use near '2021-04-02'
AND DATE_FORMAT(orders.created_at, "%Y-%m-%d") <= '2021-04-09'
AN...' at line 1 in E:\xampp\htdocs\diancan\vendor\codeigniter4\framework\system\Database\MySQLi\Connection.php:314
Stack trace:
#0 E:\xampp\htdocs\diancan\vendor\codeigniter4\framework\system\Database\MySQLi\Connection.php(314): mysqli->query('SELECT concat('...')
#1 E:\xampp\htdocs\diancan\vendor\codeigniter4\framework\system\Database\BaseConnection.php(713): CodeIgniter\Database\MySQLi\Connection->execute('SELECT concat('...')
#2 E:\xampp\htdocs\diancan\vendor\codeigniter4\framework\system\Database\BaseConnection.php(641): CodeIgniter\Database\BaseConnection->simpleQuery('SELECT concat('...')
#3 E:\xampp\htdocs\diancan\vendor\codeigniter4\framework\system\Database\BaseBuilder.php(1866): CodeIgniter\Database\BaseConnection->query('SELECT concat('...', Array, false)
#4 E:\xampp\htdocs\diancan\app\Models\Orders_model.php(296): CodeIgniter\Database\BaseBuilder->get()
#5 E:\xampp\htdocs\diancan\app\Controllers\Admin\Report.php(50): App\Models\Orders_model->expIncome('2021-04-02', '2021-04-09', 'all', 'all')
#6 E:\xampp\htdocs\diancan\vendor\codeigniter4\framework\system\CodeIgniter.php(876): App\Controllers\Admin\Report->income_export('2021-04-02', '2021-04-09', 'all', 'all')
#7 E:\xampp\htdocs\diancan\vendor\codeigniter4\framework\system\CodeIgniter.php(411): CodeIgniter\CodeIgniter->runController(Object(App\Controllers\Admin\Report))
#8 E:\xampp\htdocs\diancan\vendor\codeigniter4\framework\system\CodeIgniter.php(322): CodeIgniter\CodeIgniter->handleRequest(NULL, Object(Config\Cache), false)
#9 E:\xampp\htdocs\diancan\public\index.php(44): CodeIgniter\CodeIgniter->run()
#10 {main}
CRITICAL - 2021-04-09 10:05:43 --> You have an error in your SQL syntax; check the manual that corresponds to your MariaDB server version for the right syntax to use near '2021-04-02'
AND DATE_FORMAT(orders.created_at, "%Y-%m-%d") <= '2021-04-09'
AN...' at line 1
#0 E:\xampp\htdocs\diancan\vendor\codeigniter4\framework\system\Database\MySQLi\Connection.php(314): mysqli->query('SELECT concat('...')
#1 E:\xampp\htdocs\diancan\vendor\codeigniter4\framework\system\Database\BaseConnection.php(713): CodeIgniter\Database\MySQLi\Connection->execute('SELECT concat('...')
#2 E:\xampp\htdocs\diancan\vendor\codeigniter4\framework\system\Database\BaseConnection.php(641): CodeIgniter\Database\BaseConnection->simpleQuery('SELECT concat('...')
#3 E:\xampp\htdocs\diancan\vendor\codeigniter4\framework\system\Database\BaseBuilder.php(1866): CodeIgniter\Database\BaseConnection->query('SELECT concat('...', Array, false)
#4 E:\xampp\htdocs\diancan\app\Models\Orders_model.php(296): CodeIgniter\Database\BaseBuilder->get()
#5 E:\xampp\htdocs\diancan\app\Controllers\Admin\Report.php(50): App\Models\Orders_model->expIncome('2021-04-02', '2021-04-09', 'all', 'all')
#6 E:\xampp\htdocs\diancan\vendor\codeigniter4\framework\system\CodeIgniter.php(876): App\Controllers\Admin\Report->income_export('2021-04-02', '2021-04-09', 'all', 'all')
#7 E:\xampp\htdocs\diancan\vendor\codeigniter4\framework\system\CodeIgniter.php(411): CodeIgniter\CodeIgniter->runController(Object(App\Controllers\Admin\Report))
#8 E:\xampp\htdocs\diancan\vendor\codeigniter4\framework\system\CodeIgniter.php(322): CodeIgniter\CodeIgniter->handleRequest(NULL, Object(Config\Cache), false)
#9 E:\xampp\htdocs\diancan\public\index.php(44): CodeIgniter\CodeIgniter->run()
#10 {main}
ERROR - 2021-04-09 10:06:57 --> mysqli_sql_exception: You have an error in your SQL syntax; check the manual that corresponds to your MariaDB server version for the right syntax to use near '2021-04-02'
AND DATE_FORMAT(orders.created_at, "%Y-%m-%d") <= '2021-04-09'
AN...' at line 1 in E:\xampp\htdocs\diancan\vendor\codeigniter4\framework\system\Database\MySQLi\Connection.php:314
Stack trace:
#0 E:\xampp\htdocs\diancan\vendor\codeigniter4\framework\system\Database\MySQLi\Connection.php(314): mysqli->query('SELECT concat('...')
#1 E:\xampp\htdocs\diancan\vendor\codeigniter4\framework\system\Database\BaseConnection.php(713): CodeIgniter\Database\MySQLi\Connection->execute('SELECT concat('...')
#2 E:\xampp\htdocs\diancan\vendor\codeigniter4\framework\system\Database\BaseConnection.php(641): CodeIgniter\Database\BaseConnection->simpleQuery('SELECT concat('...')
#3 E:\xampp\htdocs\diancan\vendor\codeigniter4\framework\system\Database\BaseBuilder.php(1866): CodeIgniter\Database\BaseConnection->query('SELECT concat('...', Array, false)
#4 E:\xampp\htdocs\diancan\app\Models\Orders_model.php(296): CodeIgniter\Database\BaseBuilder->get()
#5 E:\xampp\htdocs\diancan\app\Controllers\Admin\Report.php(50): App\Models\Orders_model->expIncome('2021-04-02', '2021-04-09', 'all', 'all')
#6 E:\xampp\htdocs\diancan\vendor\codeigniter4\framework\system\CodeIgniter.php(876): App\Controllers\Admin\Report->income_export('2021-04-02', '2021-04-09', 'all', 'all')
#7 E:\xampp\htdocs\diancan\vendor\codeigniter4\framework\system\CodeIgniter.php(411): CodeIgniter\CodeIgniter->runController(Object(App\Controllers\Admin\Report))
#8 E:\xampp\htdocs\diancan\vendor\codeigniter4\framework\system\CodeIgniter.php(322): CodeIgniter\CodeIgniter->handleRequest(NULL, Object(Config\Cache), false)
#9 E:\xampp\htdocs\diancan\public\index.php(44): CodeIgniter\CodeIgniter->run()
#10 {main}
CRITICAL - 2021-04-09 10:06:57 --> You have an error in your SQL syntax; check the manual that corresponds to your MariaDB server version for the right syntax to use near '2021-04-02'
AND DATE_FORMAT(orders.created_at, "%Y-%m-%d") <= '2021-04-09'
AN...' at line 1
#0 E:\xampp\htdocs\diancan\vendor\codeigniter4\framework\system\Database\MySQLi\Connection.php(314): mysqli->query('SELECT concat('...')
#1 E:\xampp\htdocs\diancan\vendor\codeigniter4\framework\system\Database\BaseConnection.php(713): CodeIgniter\Database\MySQLi\Connection->execute('SELECT concat('...')
#2 E:\xampp\htdocs\diancan\vendor\codeigniter4\framework\system\Database\BaseConnection.php(641): CodeIgniter\Database\BaseConnection->simpleQuery('SELECT concat('...')
#3 E:\xampp\htdocs\diancan\vendor\codeigniter4\framework\system\Database\BaseBuilder.php(1866): CodeIgniter\Database\BaseConnection->query('SELECT concat('...', Array, false)
#4 E:\xampp\htdocs\diancan\app\Models\Orders_model.php(296): CodeIgniter\Database\BaseBuilder->get()
#5 E:\xampp\htdocs\diancan\app\Controllers\Admin\Report.php(50): App\Models\Orders_model->expIncome('2021-04-02', '2021-04-09', 'all', 'all')
#6 E:\xampp\htdocs\diancan\vendor\codeigniter4\framework\system\CodeIgniter.php(876): App\Controllers\Admin\Report->income_export('2021-04-02', '2021-04-09', 'all', 'all')
#7 E:\xampp\htdocs\diancan\vendor\codeigniter4\framework\system\CodeIgniter.php(411): CodeIgniter\CodeIgniter->runController(Object(App\Controllers\Admin\Report))
#8 E:\xampp\htdocs\diancan\vendor\codeigniter4\framework\system\CodeIgniter.php(322): CodeIgniter\CodeIgniter->handleRequest(NULL, Object(Config\Cache), false)
#9 E:\xampp\htdocs\diancan\public\index.php(44): CodeIgniter\CodeIgniter->run()
#10 {main}
ERROR - 2021-04-09 10:09:37 --> mysqli_sql_exception: You have an error in your SQL syntax; check the manual that corresponds to your MariaDB server version for the right syntax to use near '2021-04-02'
AND DATE_FORMAT(orders.created_at, "%Y-%m-%d") <= '2021-04-09'
AN...' at line 1 in E:\xampp\htdocs\diancan\vendor\codeigniter4\framework\system\Database\MySQLi\Connection.php:314
Stack trace:
#0 E:\xampp\htdocs\diancan\vendor\codeigniter4\framework\system\Database\MySQLi\Connection.php(314): mysqli->query('SELECT concat('...')
#1 E:\xampp\htdocs\diancan\vendor\codeigniter4\framework\system\Database\BaseConnection.php(713): CodeIgniter\Database\MySQLi\Connection->execute('SELECT concat('...')
#2 E:\xampp\htdocs\diancan\vendor\codeigniter4\framework\system\Database\BaseConnection.php(641): CodeIgniter\Database\BaseConnection->simpleQuery('SELECT concat('...')
#3 E:\xampp\htdocs\diancan\vendor\codeigniter4\framework\system\Database\BaseBuilder.php(1866): CodeIgniter\Database\BaseConnection->query('SELECT concat('...', Array, false)
#4 E:\xampp\htdocs\diancan\app\Models\Orders_model.php(296): CodeIgniter\Database\BaseBuilder->get()
#5 E:\xampp\htdocs\diancan\app\Controllers\Admin\Report.php(50): App\Models\Orders_model->expIncome('2021-04-02', '2021-04-09', 'all', 'all')
#6 E:\xampp\htdocs\diancan\vendor\codeigniter4\framework\system\CodeIgniter.php(876): App\Controllers\Admin\Report->income_export('2021-04-02', '2021-04-09', 'all', 'all', '', '', '')
#7 E:\xampp\htdocs\diancan\vendor\codeigniter4\framework\system\CodeIgniter.php(411): CodeIgniter\CodeIgniter->runController(Object(App\Controllers\Admin\Report))
#8 E:\xampp\htdocs\diancan\vendor\codeigniter4\framework\system\CodeIgniter.php(322): CodeIgniter\CodeIgniter->handleRequest(NULL, Object(Config\Cache), false)
#9 E:\xampp\htdocs\diancan\public\index.php(44): CodeIgniter\CodeIgniter->run()
#10 {main}
CRITICAL - 2021-04-09 10:09:37 --> You have an error in your SQL syntax; check the manual that corresponds to your MariaDB server version for the right syntax to use near '2021-04-02'
AND DATE_FORMAT(orders.created_at, "%Y-%m-%d") <= '2021-04-09'
AN...' at line 1
#0 E:\xampp\htdocs\diancan\vendor\codeigniter4\framework\system\Database\MySQLi\Connection.php(314): mysqli->query('SELECT concat('...')
#1 E:\xampp\htdocs\diancan\vendor\codeigniter4\framework\system\Database\BaseConnection.php(713): CodeIgniter\Database\MySQLi\Connection->execute('SELECT concat('...')
#2 E:\xampp\htdocs\diancan\vendor\codeigniter4\framework\system\Database\BaseConnection.php(641): CodeIgniter\Database\BaseConnection->simpleQuery('SELECT concat('...')
#3 E:\xampp\htdocs\diancan\vendor\codeigniter4\framework\system\Database\BaseBuilder.php(1866): CodeIgniter\Database\BaseConnection->query('SELECT concat('...', Array, false)
#4 E:\xampp\htdocs\diancan\app\Models\Orders_model.php(296): CodeIgniter\Database\BaseBuilder->get()
#5 E:\xampp\htdocs\diancan\app\Controllers\Admin\Report.php(50): App\Models\Orders_model->expIncome('2021-04-02', '2021-04-09', 'all', 'all')
#6 E:\xampp\htdocs\diancan\vendor\codeigniter4\framework\system\CodeIgniter.php(876): App\Controllers\Admin\Report->income_export('2021-04-02', '2021-04-09', 'all', 'all', '', '', '')
#7 E:\xampp\htdocs\diancan\vendor\codeigniter4\framework\system\CodeIgniter.php(411): CodeIgniter\CodeIgniter->runController(Object(App\Controllers\Admin\Report))
#8 E:\xampp\htdocs\diancan\vendor\codeigniter4\framework\system\CodeIgniter.php(322): CodeIgniter\CodeIgniter->handleRequest(NULL, Object(Config\Cache), false)
#9 E:\xampp\htdocs\diancan\public\index.php(44): CodeIgniter\CodeIgniter->run()
#10 {main}
ERROR - 2021-04-09 10:09:54 --> mysqli_sql_exception: You have an error in your SQL syntax; check the manual that corresponds to your MariaDB server version for the right syntax to use near '2021-04-02'
AND DATE_FORMAT(orders.created_at, "%Y-%m-%d") <= '2021-04-09'
AN...' at line 1 in E:\xampp\htdocs\diancan\vendor\codeigniter4\framework\system\Database\MySQLi\Connection.php:314
Stack trace:
#0 E:\xampp\htdocs\diancan\vendor\codeigniter4\framework\system\Database\MySQLi\Connection.php(314): mysqli->query('SELECT concat('...')
#1 E:\xampp\htdocs\diancan\vendor\codeigniter4\framework\system\Database\BaseConnection.php(713): CodeIgniter\Database\MySQLi\Connection->execute('SELECT concat('...')
#2 E:\xampp\htdocs\diancan\vendor\codeigniter4\framework\system\Database\BaseConnection.php(641): CodeIgniter\Database\BaseConnection->simpleQuery('SELECT concat('...')
#3 E:\xampp\htdocs\diancan\vendor\codeigniter4\framework\system\Database\BaseBuilder.php(1866): CodeIgniter\Database\BaseConnection->query('SELECT concat('...', Array, false)
#4 E:\xampp\htdocs\diancan\app\Models\Orders_model.php(296): CodeIgniter\Database\BaseBuilder->get()
#5 E:\xampp\htdocs\diancan\app\Controllers\Admin\Report.php(50): App\Models\Orders_model->expIncome('2021-04-02', '2021-04-09', 'all', 'all')
#6 E:\xampp\htdocs\diancan\vendor\codeigniter4\framework\system\CodeIgniter.php(876): App\Controllers\Admin\Report->income_export('2021-04-02', '2021-04-09', 'all', 'all', '', '', '')
#7 E:\xampp\htdocs\diancan\vendor\codeigniter4\framework\system\CodeIgniter.php(411): CodeIgniter\CodeIgniter->runController(Object(App\Controllers\Admin\Report))
#8 E:\xampp\htdocs\diancan\vendor\codeigniter4\framework\system\CodeIgniter.php(322): CodeIgniter\CodeIgniter->handleRequest(NULL, Object(Config\Cache), false)
#9 E:\xampp\htdocs\diancan\public\index.php(44): CodeIgniter\CodeIgniter->run()
#10 {main}
CRITICAL - 2021-04-09 10:09:54 --> You have an error in your SQL syntax; check the manual that corresponds to your MariaDB server version for the right syntax to use near '2021-04-02'
AND DATE_FORMAT(orders.created_at, "%Y-%m-%d") <= '2021-04-09'
AN...' at line 1
#0 E:\xampp\htdocs\diancan\vendor\codeigniter4\framework\system\Database\MySQLi\Connection.php(314): mysqli->query('SELECT concat('...')
#1 E:\xampp\htdocs\diancan\vendor\codeigniter4\framework\system\Database\BaseConnection.php(713): CodeIgniter\Database\MySQLi\Connection->execute('SELECT concat('...')
#2 E:\xampp\htdocs\diancan\vendor\codeigniter4\framework\system\Database\BaseConnection.php(641): CodeIgniter\Database\BaseConnection->simpleQuery('SELECT concat('...')
#3 E:\xampp\htdocs\diancan\vendor\codeigniter4\framework\system\Database\BaseBuilder.php(1866): CodeIgniter\Database\BaseConnection->query('SELECT concat('...', Array, false)
#4 E:\xampp\htdocs\diancan\app\Models\Orders_model.php(296): CodeIgniter\Database\BaseBuilder->get()
#5 E:\xampp\htdocs\diancan\app\Controllers\Admin\Report.php(50): App\Models\Orders_model->expIncome('2021-04-02', '2021-04-09', 'all', 'all')
#6 E:\xampp\htdocs\diancan\vendor\codeigniter4\framework\system\CodeIgniter.php(876): App\Controllers\Admin\Report->income_export('2021-04-02', '2021-04-09', 'all', 'all', '', '', '')
#7 E:\xampp\htdocs\diancan\vendor\codeigniter4\framework\system\CodeIgniter.php(411): CodeIgniter\CodeIgniter->runController(Object(App\Controllers\Admin\Report))
#8 E:\xampp\htdocs\diancan\vendor\codeigniter4\framework\system\CodeIgniter.php(322): CodeIgniter\CodeIgniter->handleRequest(NULL, Object(Config\Cache), false)
#9 E:\xampp\htdocs\diancan\public\index.php(44): CodeIgniter\CodeIgniter->run()
#10 {main}
ERROR - 2021-04-09 10:41:22 --> mysqli_sql_exception: Column 'foodID' in field list is ambiguous in E:\xampp\htdocs\diancan\vendor\codeigniter4\framework\system\Database\MySQLi\Connection.php:314
Stack trace:
#0 E:\xampp\htdocs\diancan\vendor\codeigniter4\framework\system\Database\MySQLi\Connection.php(314): mysqli->query('SELECT `foodID`...')
#1 E:\xampp\htdocs\diancan\vendor\codeigniter4\framework\system\Database\BaseConnection.php(713): CodeIgniter\Database\MySQLi\Connection->execute('SELECT `foodID`...')
#2 E:\xampp\htdocs\diancan\vendor\codeigniter4\framework\system\Database\BaseConnection.php(641): CodeIgniter\Database\BaseConnection->simpleQuery('SELECT `foodID`...')
#3 E:\xampp\htdocs\diancan\vendor\codeigniter4\framework\system\Database\BaseBuilder.php(1866): CodeIgniter\Database\BaseConnection->query('SELECT `foodID`...', Array, false)
#4 E:\xampp\htdocs\diancan\app\Models\Orders_model.php(281): CodeIgniter\Database\BaseBuilder->get()
#5 E:\xampp\htdocs\diancan\app\Controllers\Admin\Report.php(40): App\Models\Orders_model->getIncome('2021-04-02', '2021-04-09', 'all', 'all')
#6 E:\xampp\htdocs\diancan\vendor\codeigniter4\framework\system\CodeIgniter.php(876): App\Controllers\Admin\Report->income_query('2021-04-02', '2021-04-09', 'all', 'all', '', '', '')
#7 E:\xampp\htdocs\diancan\vendor\codeigniter4\framework\system\CodeIgniter.php(411): CodeIgniter\CodeIgniter->runController(Object(App\Controllers\Admin\Report))
#8 E:\xampp\htdocs\diancan\vendor\codeigniter4\framework\system\CodeIgniter.php(322): CodeIgniter\CodeIgniter->handleRequest(NULL, Object(Config\Cache), false)
#9 E:\xampp\htdocs\diancan\public\index.php(44): CodeIgniter\CodeIgniter->run()
#10 {main}
CRITICAL - 2021-04-09 10:41:22 --> Column 'foodID' in field list is ambiguous
#0 E:\xampp\htdocs\diancan\vendor\codeigniter4\framework\system\Database\MySQLi\Connection.php(314): mysqli->query('SELECT `foodID`...')
#1 E:\xampp\htdocs\diancan\vendor\codeigniter4\framework\system\Database\BaseConnection.php(713): CodeIgniter\Database\MySQLi\Connection->execute('SELECT `foodID`...')
#2 E:\xampp\htdocs\diancan\vendor\codeigniter4\framework\system\Database\BaseConnection.php(641): CodeIgniter\Database\BaseConnection->simpleQuery('SELECT `foodID`...')
#3 E:\xampp\htdocs\diancan\vendor\codeigniter4\framework\system\Database\BaseBuilder.php(1866): CodeIgniter\Database\BaseConnection->query('SELECT `foodID`...', Array, false)
#4 E:\xampp\htdocs\diancan\app\Models\Orders_model.php(281): CodeIgniter\Database\BaseBuilder->get()
#5 E:\xampp\htdocs\diancan\app\Controllers\Admin\Report.php(40): App\Models\Orders_model->getIncome('2021-04-02', '2021-04-09', 'all', 'all')
#6 E:\xampp\htdocs\diancan\vendor\codeigniter4\framework\system\CodeIgniter.php(876): App\Controllers\Admin\Report->income_query('2021-04-02', '2021-04-09', 'all', 'all', '', '', '')
#7 E:\xampp\htdocs\diancan\vendor\codeigniter4\framework\system\CodeIgniter.php(411): CodeIgniter\CodeIgniter->runController(Object(App\Controllers\Admin\Report))
#8 E:\xampp\htdocs\diancan\vendor\codeigniter4\framework\system\CodeIgniter.php(322): CodeIgniter\CodeIgniter->handleRequest(NULL, Object(Config\Cache), false)
#9 E:\xampp\htdocs\diancan\public\index.php(44): CodeIgniter\CodeIgniter->run()
#10 {main}
ERROR - 2021-04-09 10:41:24 --> mysqli_sql_exception: Column 'foodID' in field list is ambiguous in E:\xampp\htdocs\diancan\vendor\codeigniter4\framework\system\Database\MySQLi\Connection.php:314
Stack trace:
#0 E:\xampp\htdocs\diancan\vendor\codeigniter4\framework\system\Database\MySQLi\Connection.php(314): mysqli->query('SELECT `foodID`...')
#1 E:\xampp\htdocs\diancan\vendor\codeigniter4\framework\system\Database\BaseConnection.php(713): CodeIgniter\Database\MySQLi\Connection->execute('SELECT `foodID`...')
#2 E:\xampp\htdocs\diancan\vendor\codeigniter4\framework\system\Database\BaseConnection.php(641): CodeIgniter\Database\BaseConnection->simpleQuery('SELECT `foodID`...')
#3 E:\xampp\htdocs\diancan\vendor\codeigniter4\framework\system\Database\BaseBuilder.php(1866): CodeIgniter\Database\BaseConnection->query('SELECT `foodID`...', Array, false)
#4 E:\xampp\htdocs\diancan\app\Models\Orders_model.php(281): CodeIgniter\Database\BaseBuilder->get()
#5 E:\xampp\htdocs\diancan\app\Controllers\Admin\Report.php(40): App\Models\Orders_model->getIncome('2021-04-02', '2021-04-09', 'all', 'all')
#6 E:\xampp\htdocs\diancan\vendor\codeigniter4\framework\system\CodeIgniter.php(876): App\Controllers\Admin\Report->income_query('2021-04-02', '2021-04-09', 'all', 'all', '', '', '')
#7 E:\xampp\htdocs\diancan\vendor\codeigniter4\framework\system\CodeIgniter.php(411): CodeIgniter\CodeIgniter->runController(Object(App\Controllers\Admin\Report))
#8 E:\xampp\htdocs\diancan\vendor\codeigniter4\framework\system\CodeIgniter.php(322): CodeIgniter\CodeIgniter->handleRequest(NULL, Object(Config\Cache), false)
#9 E:\xampp\htdocs\diancan\public\index.php(44): CodeIgniter\CodeIgniter->run()
#10 {main}
CRITICAL - 2021-04-09 10:41:24 --> Column 'foodID' in field list is ambiguous
#0 E:\xampp\htdocs\diancan\vendor\codeigniter4\framework\system\Database\MySQLi\Connection.php(314): mysqli->query('SELECT `foodID`...')
#1 E:\xampp\htdocs\diancan\vendor\codeigniter4\framework\system\Database\BaseConnection.php(713): CodeIgniter\Database\MySQLi\Connection->execute('SELECT `foodID`...')
#2 E:\xampp\htdocs\diancan\vendor\codeigniter4\framework\system\Database\BaseConnection.php(641): CodeIgniter\Database\BaseConnection->simpleQuery('SELECT `foodID`...')
#3 E:\xampp\htdocs\diancan\vendor\codeigniter4\framework\system\Database\BaseBuilder.php(1866): CodeIgniter\Database\BaseConnection->query('SELECT `foodID`...', Array, false)
#4 E:\xampp\htdocs\diancan\app\Models\Orders_model.php(281): CodeIgniter\Database\BaseBuilder->get()
#5 E:\xampp\htdocs\diancan\app\Controllers\Admin\Report.php(40): App\Models\Orders_model->getIncome('2021-04-02', '2021-04-09', 'all', 'all')
#6 E:\xampp\htdocs\diancan\vendor\codeigniter4\framework\system\CodeIgniter.php(876): App\Controllers\Admin\Report->income_query('2021-04-02', '2021-04-09', 'all', 'all', '', '', '')
#7 E:\xampp\htdocs\diancan\vendor\codeigniter4\framework\system\CodeIgniter.php(411): CodeIgniter\CodeIgniter->runController(Object(App\Controllers\Admin\Report))
#8 E:\xampp\htdocs\diancan\vendor\codeigniter4\framework\system\CodeIgniter.php(322): CodeIgniter\CodeIgniter->handleRequest(NULL, Object(Config\Cache), false)
#9 E:\xampp\htdocs\diancan\public\index.php(44): CodeIgniter\CodeIgniter->run()
#10 {main}
ERROR - 2021-04-09 10:41:36 --> mysqli_sql_exception: Column 'foodID' in field list is ambiguous in E:\xampp\htdocs\diancan\vendor\codeigniter4\framework\system\Database\MySQLi\Connection.php:314
Stack trace:
#0 E:\xampp\htdocs\diancan\vendor\codeigniter4\framework\system\Database\MySQLi\Connection.php(314): mysqli->query('SELECT `foodID`...')
#1 E:\xampp\htdocs\diancan\vendor\codeigniter4\framework\system\Database\BaseConnection.php(713): CodeIgniter\Database\MySQLi\Connection->execute('SELECT `foodID`...')
#2 E:\xampp\htdocs\diancan\vendor\codeigniter4\framework\system\Database\BaseConnection.php(641): CodeIgniter\Database\BaseConnection->simpleQuery('SELECT `foodID`...')
#3 E:\xampp\htdocs\diancan\vendor\codeigniter4\framework\system\Database\BaseBuilder.php(1866): CodeIgniter\Database\BaseConnection->query('SELECT `foodID`...', Array, false)
#4 E:\xampp\htdocs\diancan\app\Models\Orders_model.php(281): CodeIgniter\Database\BaseBuilder->get()
#5 E:\xampp\htdocs\diancan\app\Controllers\Admin\Report.php(40): App\Models\Orders_model->getIncome('2021-04-02', '2021-04-09', 'all', 'all')
#6 E:\xampp\htdocs\diancan\vendor\codeigniter4\framework\system\CodeIgniter.php(876): App\Controllers\Admin\Report->income_query('2021-04-02', '2021-04-09', 'all', 'all', '', '', '')
#7 E:\xampp\htdocs\diancan\vendor\codeigniter4\framework\system\CodeIgniter.php(411): CodeIgniter\CodeIgniter->runController(Object(App\Controllers\Admin\Report))
#8 E:\xampp\htdocs\diancan\vendor\codeigniter4\framework\system\CodeIgniter.php(322): CodeIgniter\CodeIgniter->handleRequest(NULL, Object(Config\Cache), false)
#9 E:\xampp\htdocs\diancan\public\index.php(44): CodeIgniter\CodeIgniter->run()
#10 {main}
CRITICAL - 2021-04-09 10:41:36 --> Column 'foodID' in field list is ambiguous
#0 E:\xampp\htdocs\diancan\vendor\codeigniter4\framework\system\Database\MySQLi\Connection.php(314): mysqli->query('SELECT `foodID`...')
#1 E:\xampp\htdocs\diancan\vendor\codeigniter4\framework\system\Database\BaseConnection.php(713): CodeIgniter\Database\MySQLi\Connection->execute('SELECT `foodID`...')
#2 E:\xampp\htdocs\diancan\vendor\codeigniter4\framework\system\Database\BaseConnection.php(641): CodeIgniter\Database\BaseConnection->simpleQuery('SELECT `foodID`...')
#3 E:\xampp\htdocs\diancan\vendor\codeigniter4\framework\system\Database\BaseBuilder.php(1866): CodeIgniter\Database\BaseConnection->query('SELECT `foodID`...', Array, false)
#4 E:\xampp\htdocs\diancan\app\Models\Orders_model.php(281): CodeIgniter\Database\BaseBuilder->get()
#5 E:\xampp\htdocs\diancan\app\Controllers\Admin\Report.php(40): App\Models\Orders_model->getIncome('2021-04-02', '2021-04-09', 'all', 'all')
#6 E:\xampp\htdocs\diancan\vendor\codeigniter4\framework\system\CodeIgniter.php(876): App\Controllers\Admin\Report->income_query('2021-04-02', '2021-04-09', 'all', 'all', '', '', '')
#7 E:\xampp\htdocs\diancan\vendor\codeigniter4\framework\system\CodeIgniter.php(411): CodeIgniter\CodeIgniter->runController(Object(App\Controllers\Admin\Report))
#8 E:\xampp\htdocs\diancan\vendor\codeigniter4\framework\system\CodeIgniter.php(322): CodeIgniter\CodeIgniter->handleRequest(NULL, Object(Config\Cache), false)
#9 E:\xampp\htdocs\diancan\public\index.php(44): CodeIgniter\CodeIgniter->run()
#10 {main}
ERROR - 2021-04-09 10:42:21 --> mysqli_sql_exception: Column 'price' in field list is ambiguous in E:\xampp\htdocs\diancan\vendor\codeigniter4\framework\system\Database\MySQLi\Connection.php:314
Stack trace:
#0 E:\xampp\htdocs\diancan\vendor\codeigniter4\framework\system\Database\MySQLi\Connection.php(314): mysqli->query('SELECT `orderde...')
#1 E:\xampp\htdocs\diancan\vendor\codeigniter4\framework\system\Database\BaseConnection.php(713): CodeIgniter\Database\MySQLi\Connection->execute('SELECT `orderde...')
#2 E:\xampp\htdocs\diancan\vendor\codeigniter4\framework\system\Database\BaseConnection.php(641): CodeIgniter\Database\BaseConnection->simpleQuery('SELECT `orderde...')
#3 E:\xampp\htdocs\diancan\vendor\codeigniter4\framework\system\Database\BaseBuilder.php(1866): CodeIgniter\Database\BaseConnection->query('SELECT `orderde...', Array, false)
#4 E:\xampp\htdocs\diancan\app\Models\Orders_model.php(281): CodeIgniter\Database\BaseBuilder->get()
#5 E:\xampp\htdocs\diancan\app\Controllers\Admin\Report.php(40): App\Models\Orders_model->getIncome('2021-04-02', '2021-04-09', 'all', 'all')
#6 E:\xampp\htdocs\diancan\vendor\codeigniter4\framework\system\CodeIgniter.php(876): App\Controllers\Admin\Report->income_query('2021-04-02', '2021-04-09', 'all', 'all', '', '', '')
#7 E:\xampp\htdocs\diancan\vendor\codeigniter4\framework\system\CodeIgniter.php(411): CodeIgniter\CodeIgniter->runController(Object(App\Controllers\Admin\Report))
#8 E:\xampp\htdocs\diancan\vendor\codeigniter4\framework\system\CodeIgniter.php(322): CodeIgniter\CodeIgniter->handleRequest(NULL, Object(Config\Cache), false)
#9 E:\xampp\htdocs\diancan\public\index.php(44): CodeIgniter\CodeIgniter->run()
#10 {main}
CRITICAL - 2021-04-09 10:42:21 --> Column 'price' in field list is ambiguous
#0 E:\xampp\htdocs\diancan\vendor\codeigniter4\framework\system\Database\MySQLi\Connection.php(314): mysqli->query('SELECT `orderde...')
#1 E:\xampp\htdocs\diancan\vendor\codeigniter4\framework\system\Database\BaseConnection.php(713): CodeIgniter\Database\MySQLi\Connection->execute('SELECT `orderde...')
#2 E:\xampp\htdocs\diancan\vendor\codeigniter4\framework\system\Database\BaseConnection.php(641): CodeIgniter\Database\BaseConnection->simpleQuery('SELECT `orderde...')
#3 E:\xampp\htdocs\diancan\vendor\codeigniter4\framework\system\Database\BaseBuilder.php(1866): CodeIgniter\Database\BaseConnection->query('SELECT `orderde...', Array, false)
#4 E:\xampp\htdocs\diancan\app\Models\Orders_model.php(281): CodeIgniter\Database\BaseBuilder->get()
#5 E:\xampp\htdocs\diancan\app\Controllers\Admin\Report.php(40): App\Models\Orders_model->getIncome('2021-04-02', '2021-04-09', 'all', 'all')
#6 E:\xampp\htdocs\diancan\vendor\codeigniter4\framework\system\CodeIgniter.php(876): App\Controllers\Admin\Report->income_query('2021-04-02', '2021-04-09', 'all', 'all', '', '', '')
#7 E:\xampp\htdocs\diancan\vendor\codeigniter4\framework\system\CodeIgniter.php(411): CodeIgniter\CodeIgniter->runController(Object(App\Controllers\Admin\Report))
#8 E:\xampp\htdocs\diancan\vendor\codeigniter4\framework\system\CodeIgniter.php(322): CodeIgniter\CodeIgniter->handleRequest(NULL, Object(Config\Cache), false)
#9 E:\xampp\htdocs\diancan\public\index.php(44): CodeIgniter\CodeIgniter->run()
#10 {main}
ERROR - 2021-04-09 10:42:47 --> mysqli_sql_exception: Column 'price' in field list is ambiguous in E:\xampp\htdocs\diancan\vendor\codeigniter4\framework\system\Database\MySQLi\Connection.php:314
Stack trace:
#0 E:\xampp\htdocs\diancan\vendor\codeigniter4\framework\system\Database\MySQLi\Connection.php(314): mysqli->query('SELECT `orderde...')
#1 E:\xampp\htdocs\diancan\vendor\codeigniter4\framework\system\Database\BaseConnection.php(713): CodeIgniter\Database\MySQLi\Connection->execute('SELECT `orderde...')
#2 E:\xampp\htdocs\diancan\vendor\codeigniter4\framework\system\Database\BaseConnection.php(641): CodeIgniter\Database\BaseConnection->simpleQuery('SELECT `orderde...')
#3 E:\xampp\htdocs\diancan\vendor\codeigniter4\framework\system\Database\BaseBuilder.php(1866): CodeIgniter\Database\BaseConnection->query('SELECT `orderde...', Array, false)
#4 E:\xampp\htdocs\diancan\app\Models\Orders_model.php(281): CodeIgniter\Database\BaseBuilder->get()
#5 E:\xampp\htdocs\diancan\app\Controllers\Admin\Report.php(40): App\Models\Orders_model->getIncome('2021-04-02', '2021-04-09', 'all', 'all')
#6 E:\xampp\htdocs\diancan\vendor\codeigniter4\framework\system\CodeIgniter.php(876): App\Controllers\Admin\Report->income_query('2021-04-02', '2021-04-09', 'all', 'all', '', '', '')
#7 E:\xampp\htdocs\diancan\vendor\codeigniter4\framework\system\CodeIgniter.php(411): CodeIgniter\CodeIgniter->runController(Object(App\Controllers\Admin\Report))
#8 E:\xampp\htdocs\diancan\vendor\codeigniter4\framework\system\CodeIgniter.php(322): CodeIgniter\CodeIgniter->handleRequest(NULL, Object(Config\Cache), false)
#9 E:\xampp\htdocs\diancan\public\index.php(44): CodeIgniter\CodeIgniter->run()
#10 {main}
CRITICAL - 2021-04-09 10:42:47 --> Column 'price' in field list is ambiguous
#0 E:\xampp\htdocs\diancan\vendor\codeigniter4\framework\system\Database\MySQLi\Connection.php(314): mysqli->query('SELECT `orderde...')
#1 E:\xampp\htdocs\diancan\vendor\codeigniter4\framework\system\Database\BaseConnection.php(713): CodeIgniter\Database\MySQLi\Connection->execute('SELECT `orderde...')
#2 E:\xampp\htdocs\diancan\vendor\codeigniter4\framework\system\Database\BaseConnection.php(641): CodeIgniter\Database\BaseConnection->simpleQuery('SELECT `orderde...')
#3 E:\xampp\htdocs\diancan\vendor\codeigniter4\framework\system\Database\BaseBuilder.php(1866): CodeIgniter\Database\BaseConnection->query('SELECT `orderde...', Array, false)
#4 E:\xampp\htdocs\diancan\app\Models\Orders_model.php(281): CodeIgniter\Database\BaseBuilder->get()
#5 E:\xampp\htdocs\diancan\app\Controllers\Admin\Report.php(40): App\Models\Orders_model->getIncome('2021-04-02', '2021-04-09', 'all', 'all')
#6 E:\xampp\htdocs\diancan\vendor\codeigniter4\framework\system\CodeIgniter.php(876): App\Controllers\Admin\Report->income_query('2021-04-02', '2021-04-09', 'all', 'all', '', '', '')
#7 E:\xampp\htdocs\diancan\vendor\codeigniter4\framework\system\CodeIgniter.php(411): CodeIgniter\CodeIgniter->runController(Object(App\Controllers\Admin\Report))
#8 E:\xampp\htdocs\diancan\vendor\codeigniter4\framework\system\CodeIgniter.php(322): CodeIgniter\CodeIgniter->handleRequest(NULL, Object(Config\Cache), false)
#9 E:\xampp\htdocs\diancan\public\index.php(44): CodeIgniter\CodeIgniter->run()
#10 {main}
ERROR - 2021-04-09 10:42:48 --> mysqli_sql_exception: Column 'price' in field list is ambiguous in E:\xampp\htdocs\diancan\vendor\codeigniter4\framework\system\Database\MySQLi\Connection.php:314
Stack trace:
#0 E:\xampp\htdocs\diancan\vendor\codeigniter4\framework\system\Database\MySQLi\Connection.php(314): mysqli->query('SELECT `orderde...')
#1 E:\xampp\htdocs\diancan\vendor\codeigniter4\framework\system\Database\BaseConnection.php(713): CodeIgniter\Database\MySQLi\Connection->execute('SELECT `orderde...')
#2 E:\xampp\htdocs\diancan\vendor\codeigniter4\framework\system\Database\BaseConnection.php(641): CodeIgniter\Database\BaseConnection->simpleQuery('SELECT `orderde...')
#3 E:\xampp\htdocs\diancan\vendor\codeigniter4\framework\system\Database\BaseBuilder.php(1866): CodeIgniter\Database\BaseConnection->query('SELECT `orderde...', Array, false)
#4 E:\xampp\htdocs\diancan\app\Models\Orders_model.php(281): CodeIgniter\Database\BaseBuilder->get()
#5 E:\xampp\htdocs\diancan\app\Controllers\Admin\Report.php(40): App\Models\Orders_model->getIncome('2021-04-02', '2021-04-09', 'all', 'all')
#6 E:\xampp\htdocs\diancan\vendor\codeigniter4\framework\system\CodeIgniter.php(876): App\Controllers\Admin\Report->income_query('2021-04-02', '2021-04-09', 'all', 'all', '', '', '')
#7 E:\xampp\htdocs\diancan\vendor\codeigniter4\framework\system\CodeIgniter.php(411): CodeIgniter\CodeIgniter->runController(Object(App\Controllers\Admin\Report))
#8 E:\xampp\htdocs\diancan\vendor\codeigniter4\framework\system\CodeIgniter.php(322): CodeIgniter\CodeIgniter->handleRequest(NULL, Object(Config\Cache), false)
#9 E:\xampp\htdocs\diancan\public\index.php(44): CodeIgniter\CodeIgniter->run()
#10 {main}
CRITICAL - 2021-04-09 10:42:48 --> Column 'price' in field list is ambiguous
#0 E:\xampp\htdocs\diancan\vendor\codeigniter4\framework\system\Database\MySQLi\Connection.php(314): mysqli->query('SELECT `orderde...')
#1 E:\xampp\htdocs\diancan\vendor\codeigniter4\framework\system\Database\BaseConnection.php(713): CodeIgniter\Database\MySQLi\Connection->execute('SELECT `orderde...')
#2 E:\xampp\htdocs\diancan\vendor\codeigniter4\framework\system\Database\BaseConnection.php(641): CodeIgniter\Database\BaseConnection->simpleQuery('SELECT `orderde...')
#3 E:\xampp\htdocs\diancan\vendor\codeigniter4\framework\system\Database\BaseBuilder.php(1866): CodeIgniter\Database\BaseConnection->query('SELECT `orderde...', Array, false)
#4 E:\xampp\htdocs\diancan\app\Models\Orders_model.php(281): CodeIgniter\Database\BaseBuilder->get()
#5 E:\xampp\htdocs\diancan\app\Controllers\Admin\Report.php(40): App\Models\Orders_model->getIncome('2021-04-02', '2021-04-09', 'all', 'all')
#6 E:\xampp\htdocs\diancan\vendor\codeigniter4\framework\system\CodeIgniter.php(876): App\Controllers\Admin\Report->income_query('2021-04-02', '2021-04-09', 'all', 'all', '', '', '')
#7 E:\xampp\htdocs\diancan\vendor\codeigniter4\framework\system\CodeIgniter.php(411): CodeIgniter\CodeIgniter->runController(Object(App\Controllers\Admin\Report))
#8 E:\xampp\htdocs\diancan\vendor\codeigniter4\framework\system\CodeIgniter.php(322): CodeIgniter\CodeIgniter->handleRequest(NULL, Object(Config\Cache), false)
#9 E:\xampp\htdocs\diancan\public\index.php(44): CodeIgniter\CodeIgniter->run()
#10 {main}
ERROR - 2021-04-09 10:43:21 --> mysqli_sql_exception: Column 'price' in field list is ambiguous in E:\xampp\htdocs\diancan\vendor\codeigniter4\framework\system\Database\MySQLi\Connection.php:314
Stack trace:
#0 E:\xampp\htdocs\diancan\vendor\codeigniter4\framework\system\Database\MySQLi\Connection.php(314): mysqli->query('SELECT `orderde...')
#1 E:\xampp\htdocs\diancan\vendor\codeigniter4\framework\system\Database\BaseConnection.php(713): CodeIgniter\Database\MySQLi\Connection->execute('SELECT `orderde...')
#2 E:\xampp\htdocs\diancan\vendor\codeigniter4\framework\system\Database\BaseConnection.php(641): CodeIgniter\Database\BaseConnection->simpleQuery('SELECT `orderde...')
#3 E:\xampp\htdocs\diancan\vendor\codeigniter4\framework\system\Database\BaseBuilder.php(1866): CodeIgniter\Database\BaseConnection->query('SELECT `orderde...', Array, false)
#4 E:\xampp\htdocs\diancan\app\Models\Orders_model.php(281): CodeIgniter\Database\BaseBuilder->get()
#5 E:\xampp\htdocs\diancan\app\Controllers\Admin\Report.php(40): App\Models\Orders_model->getIncome('2021-04-02', '2021-04-09', 'all', 'all')
#6 E:\xampp\htdocs\diancan\vendor\codeigniter4\framework\system\CodeIgniter.php(876): App\Controllers\Admin\Report->income_query('2021-04-02', '2021-04-09', 'all', 'all', '', '', '')
#7 E:\xampp\htdocs\diancan\vendor\codeigniter4\framework\system\CodeIgniter.php(411): CodeIgniter\CodeIgniter->runController(Object(App\Controllers\Admin\Report))
#8 E:\xampp\htdocs\diancan\vendor\codeigniter4\framework\system\CodeIgniter.php(322): CodeIgniter\CodeIgniter->handleRequest(NULL, Object(Config\Cache), false)
#9 E:\xampp\htdocs\diancan\public\index.php(44): CodeIgniter\CodeIgniter->run()
#10 {main}
CRITICAL - 2021-04-09 10:43:21 --> Column 'price' in field list is ambiguous
#0 E:\xampp\htdocs\diancan\vendor\codeigniter4\framework\system\Database\MySQLi\Connection.php(314): mysqli->query('SELECT `orderde...')
#1 E:\xampp\htdocs\diancan\vendor\codeigniter4\framework\system\Database\BaseConnection.php(713): CodeIgniter\Database\MySQLi\Connection->execute('SELECT `orderde...')
#2 E:\xampp\htdocs\diancan\vendor\codeigniter4\framework\system\Database\BaseConnection.php(641): CodeIgniter\Database\BaseConnection->simpleQuery('SELECT `orderde...')
#3 E:\xampp\htdocs\diancan\vendor\codeigniter4\framework\system\Database\BaseBuilder.php(1866): CodeIgniter\Database\BaseConnection->query('SELECT `orderde...', Array, false)
#4 E:\xampp\htdocs\diancan\app\Models\Orders_model.php(281): CodeIgniter\Database\BaseBuilder->get()
#5 E:\xampp\htdocs\diancan\app\Controllers\Admin\Report.php(40): App\Models\Orders_model->getIncome('2021-04-02', '2021-04-09', 'all', 'all')
#6 E:\xampp\htdocs\diancan\vendor\codeigniter4\framework\system\CodeIgniter.php(876): App\Controllers\Admin\Report->income_query('2021-04-02', '2021-04-09', 'all', 'all', '', '', '')
#7 E:\xampp\htdocs\diancan\vendor\codeigniter4\framework\system\CodeIgniter.php(411): CodeIgniter\CodeIgniter->runController(Object(App\Controllers\Admin\Report))
#8 E:\xampp\htdocs\diancan\vendor\codeigniter4\framework\system\CodeIgniter.php(322): CodeIgniter\CodeIgniter->handleRequest(NULL, Object(Config\Cache), false)
#9 E:\xampp\htdocs\diancan\public\index.php(44): CodeIgniter\CodeIgniter->run()
#10 {main}
ERROR - 2021-04-09 10:43:42 --> mysqli_sql_exception: Column 'qty' in field list is ambiguous in E:\xampp\htdocs\diancan\vendor\codeigniter4\framework\system\Database\MySQLi\Connection.php:314
Stack trace:
#0 E:\xampp\htdocs\diancan\vendor\codeigniter4\framework\system\Database\MySQLi\Connection.php(314): mysqli->query('SELECT `orderde...')
#1 E:\xampp\htdocs\diancan\vendor\codeigniter4\framework\system\Database\BaseConnection.php(713): CodeIgniter\Database\MySQLi\Connection->execute('SELECT `orderde...')
#2 E:\xampp\htdocs\diancan\vendor\codeigniter4\framework\system\Database\BaseConnection.php(641): CodeIgniter\Database\BaseConnection->simpleQuery('SELECT `orderde...')
#3 E:\xampp\htdocs\diancan\vendor\codeigniter4\framework\system\Database\BaseBuilder.php(1866): CodeIgniter\Database\BaseConnection->query('SELECT `orderde...', Array, false)
#4 E:\xampp\htdocs\diancan\app\Models\Orders_model.php(281): CodeIgniter\Database\BaseBuilder->get()
#5 E:\xampp\htdocs\diancan\app\Controllers\Admin\Report.php(40): App\Models\Orders_model->getIncome('2021-04-02', '2021-04-09', 'all', 'all')
#6 E:\xampp\htdocs\diancan\vendor\codeigniter4\framework\system\CodeIgniter.php(876): App\Controllers\Admin\Report->income_query('2021-04-02', '2021-04-09', 'all', 'all', '', '', '')
#7 E:\xampp\htdocs\diancan\vendor\codeigniter4\framework\system\CodeIgniter.php(411): CodeIgniter\CodeIgniter->runController(Object(App\Controllers\Admin\Report))
#8 E:\xampp\htdocs\diancan\vendor\codeigniter4\framework\system\CodeIgniter.php(322): CodeIgniter\CodeIgniter->handleRequest(NULL, Object(Config\Cache), false)
#9 E:\xampp\htdocs\diancan\public\index.php(44): CodeIgniter\CodeIgniter->run()
#10 {main}
CRITICAL - 2021-04-09 10:43:42 --> Column 'qty' in field list is ambiguous
#0 E:\xampp\htdocs\diancan\vendor\codeigniter4\framework\system\Database\MySQLi\Connection.php(314): mysqli->query('SELECT `orderde...')
#1 E:\xampp\htdocs\diancan\vendor\codeigniter4\framework\system\Database\BaseConnection.php(713): CodeIgniter\Database\MySQLi\Connection->execute('SELECT `orderde...')
#2 E:\xampp\htdocs\diancan\vendor\codeigniter4\framework\system\Database\BaseConnection.php(641): CodeIgniter\Database\BaseConnection->simpleQuery('SELECT `orderde...')
#3 E:\xampp\htdocs\diancan\vendor\codeigniter4\framework\system\Database\BaseBuilder.php(1866): CodeIgniter\Database\BaseConnection->query('SELECT `orderde...', Array, false)
#4 E:\xampp\htdocs\diancan\app\Models\Orders_model.php(281): CodeIgniter\Database\BaseBuilder->get()
#5 E:\xampp\htdocs\diancan\app\Controllers\Admin\Report.php(40): App\Models\Orders_model->getIncome('2021-04-02', '2021-04-09', 'all', 'all')
#6 E:\xampp\htdocs\diancan\vendor\codeigniter4\framework\system\CodeIgniter.php(876): App\Controllers\Admin\Report->income_query('2021-04-02', '2021-04-09', 'all', 'all', '', '', '')
#7 E:\xampp\htdocs\diancan\vendor\codeigniter4\framework\system\CodeIgniter.php(411): CodeIgniter\CodeIgniter->runController(Object(App\Controllers\Admin\Report))
#8 E:\xampp\htdocs\diancan\vendor\codeigniter4\framework\system\CodeIgniter.php(322): CodeIgniter\CodeIgniter->handleRequest(NULL, Object(Config\Cache), false)
#9 E:\xampp\htdocs\diancan\public\index.php(44): CodeIgniter\CodeIgniter->run()
#10 {main}
ERROR - 2021-04-09 10:44:06 --> mysqli_sql_exception: Unknown column 'orderdetailfoodID' in 'group statement' in E:\xampp\htdocs\diancan\vendor\codeigniter4\framework\system\Database\MySQLi\Connection.php:314
Stack trace:
#0 E:\xampp\htdocs\diancan\vendor\codeigniter4\framework\system\Database\MySQLi\Connection.php(314): mysqli->query('SELECT `orderde...')
#1 E:\xampp\htdocs\diancan\vendor\codeigniter4\framework\system\Database\BaseConnection.php(713): CodeIgniter\Database\MySQLi\Connection->execute('SELECT `orderde...')
#2 E:\xampp\htdocs\diancan\vendor\codeigniter4\framework\system\Database\BaseConnection.php(641): CodeIgniter\Database\BaseConnection->simpleQuery('SELECT `orderde...')
#3 E:\xampp\htdocs\diancan\vendor\codeigniter4\framework\system\Database\BaseBuilder.php(1866): CodeIgniter\Database\BaseConnection->query('SELECT `orderde...', Array, false)
#4 E:\xampp\htdocs\diancan\app\Models\Orders_model.php(281): CodeIgniter\Database\BaseBuilder->get()
#5 E:\xampp\htdocs\diancan\app\Controllers\Admin\Report.php(40): App\Models\Orders_model->getIncome('2021-04-02', '2021-04-09', 'all', 'all')
#6 E:\xampp\htdocs\diancan\vendor\codeigniter4\framework\system\CodeIgniter.php(876): App\Controllers\Admin\Report->income_query('2021-04-02', '2021-04-09', 'all', 'all', '', '', '')
#7 E:\xampp\htdocs\diancan\vendor\codeigniter4\framework\system\CodeIgniter.php(411): CodeIgniter\CodeIgniter->runController(Object(App\Controllers\Admin\Report))
#8 E:\xampp\htdocs\diancan\vendor\codeigniter4\framework\system\CodeIgniter.php(322): CodeIgniter\CodeIgniter->handleRequest(NULL, Object(Config\Cache), false)
#9 E:\xampp\htdocs\diancan\public\index.php(44): CodeIgniter\CodeIgniter->run()
#10 {main}
CRITICAL - 2021-04-09 10:44:06 --> Unknown column 'orderdetailfoodID' in 'group statement'
#0 E:\xampp\htdocs\diancan\vendor\codeigniter4\framework\system\Database\MySQLi\Connection.php(314): mysqli->query('SELECT `orderde...')
#1 E:\xampp\htdocs\diancan\vendor\codeigniter4\framework\system\Database\BaseConnection.php(713): CodeIgniter\Database\MySQLi\Connection->execute('SELECT `orderde...')
#2 E:\xampp\htdocs\diancan\vendor\codeigniter4\framework\system\Database\BaseConnection.php(641): CodeIgniter\Database\BaseConnection->simpleQuery('SELECT `orderde...')
#3 E:\xampp\htdocs\diancan\vendor\codeigniter4\framework\system\Database\BaseBuilder.php(1866): CodeIgniter\Database\BaseConnection->query('SELECT `orderde...', Array, false)
#4 E:\xampp\htdocs\diancan\app\Models\Orders_model.php(281): CodeIgniter\Database\BaseBuilder->get()
#5 E:\xampp\htdocs\diancan\app\Controllers\Admin\Report.php(40): App\Models\Orders_model->getIncome('2021-04-02', '2021-04-09', 'all', 'all')
#6 E:\xampp\htdocs\diancan\vendor\codeigniter4\framework\system\CodeIgniter.php(876): App\Controllers\Admin\Report->income_query('2021-04-02', '2021-04-09', 'all', 'all', '', '', '')
#7 E:\xampp\htdocs\diancan\vendor\codeigniter4\framework\system\CodeIgniter.php(411): CodeIgniter\CodeIgniter->runController(Object(App\Controllers\Admin\Report))
#8 E:\xampp\htdocs\diancan\vendor\codeigniter4\framework\system\CodeIgniter.php(322): CodeIgniter\CodeIgniter->handleRequest(NULL, Object(Config\Cache), false)
#9 E:\xampp\htdocs\diancan\public\index.php(44): CodeIgniter\CodeIgniter->run()
#10 {main}
CRITICAL - 2021-04-09 16:38:14 --> Too few arguments to function App\Controllers\Admin\Orders::index(), 0 passed in E:\xampp\htdocs\diancan\vendor\codeigniter4\framework\system\CodeIgniter.php on line 876 and exactly 1 expected
#0 E:\xampp\htdocs\diancan\vendor\codeigniter4\framework\system\CodeIgniter.php(876): App\Controllers\Admin\Orders->index()
#1 E:\xampp\htdocs\diancan\vendor\codeigniter4\framework\system\CodeIgniter.php(411): CodeIgniter\CodeIgniter->runController(Object(App\Controllers\Admin\Orders))
#2 E:\xampp\htdocs\diancan\vendor\codeigniter4\framework\system\CodeIgniter.php(322): CodeIgniter\CodeIgniter->handleRequest(NULL, Object(Config\Cache), false)
#3 E:\xampp\htdocs\diancan\public\index.php(44): CodeIgniter\CodeIgniter->run()
#4 {main}
CRITICAL - 2021-04-09 17:32:37 --> Undefined property: App\Controllers\Admin\Orders::$orders_model
#0 E:\xampp\htdocs\diancan\app\Controllers\Admin\Orders.php(46): CodeIgniter\Debug\Exceptions->errorHandler(8, 'Undefined prope...', 'E:\\xampp\\htdocs...', 46, Array)
#1 E:\xampp\htdocs\diancan\vendor\codeigniter4\framework\system\CodeIgniter.php(876): App\Controllers\Admin\Orders->history_by_order_query('2021-04-09', '2021-04-09', 'all', 'all', 'all')
#2 E:\xampp\htdocs\diancan\vendor\codeigniter4\framework\system\CodeIgniter.php(411): CodeIgniter\CodeIgniter->runController(Object(App\Controllers\Admin\Orders))
#3 E:\xampp\htdocs\diancan\vendor\codeigniter4\framework\system\CodeIgniter.php(322): CodeIgniter\CodeIgniter->handleRequest(NULL, Object(Config\Cache), false)
#4 E:\xampp\htdocs\diancan\public\index.php(44): CodeIgniter\CodeIgniter->run()
#5 {main}
CRITICAL - 2021-04-09 17:35:14 --> syntax error, unexpected '$json' (T_VARIABLE)
#0 E:\xampp\htdocs\diancan\vendor\codeigniter4\framework\system\Router\Router.php(170): CodeIgniter\Router\Router->autoRoute('admin/orders/hi...')
#1 E:\xampp\htdocs\diancan\vendor\codeigniter4\framework\system\CodeIgniter.php(764): CodeIgniter\Router\Router->handle('admin/orders/hi...')
#2 E:\xampp\htdocs\diancan\vendor\codeigniter4\framework\system\CodeIgniter.php(370): CodeIgniter\CodeIgniter->tryToRouteIt(Object(CodeIgniter\Router\RouteCollection))
#3 E:\xampp\htdocs\diancan\vendor\codeigniter4\framework\system\CodeIgniter.php(322): CodeIgniter\CodeIgniter->handleRequest(NULL, Object(Config\Cache), false)
#4 E:\xampp\htdocs\diancan\public\index.php(44): CodeIgniter\CodeIgniter->run()
#5 {main}
