CRITICAL - 2021-02-20 11:07:27 --> Cannot declare class App\Controllers\Home, because the name is already in use
#0 [internal function]: CodeIgniter\Debug\Exceptions->shutdownHandler()
#1 {main}
CRITICAL - 2021-02-20 11:11:24 --> Undefined variable: nprows
#0 C:\xampp\htdocs\dianchan\app\Views\customer\v_menu.php(50): CodeIgniter\Debug\Exceptions->errorHandler(8, 'Undefined varia...', 'C:\\xampp\\htdocs...', 50, Array)
#1 C:\xampp\htdocs\dianchan\vendor\codeigniter4\framework\system\View\View.php(220): include('C:\\xampp\\htdocs...')
#2 C:\xampp\htdocs\dianchan\vendor\codeigniter4\framework\system\View\View.php(222): CodeIgniter\View\View->CodeIgniter\View\{closure}()
#3 C:\xampp\htdocs\dianchan\vendor\codeigniter4\framework\system\Common.php(1217): CodeIgniter\View\View->render('customer/v_menu...', Array, true)
#4 C:\xampp\htdocs\dianchan\app\Controllers\Menu.php(9): view('customer/v_menu...')
#5 C:\xampp\htdocs\dianchan\vendor\codeigniter4\framework\system\CodeIgniter.php(936): App\Controllers\Menu->index()
#6 C:\xampp\htdocs\dianchan\vendor\codeigniter4\framework\system\CodeIgniter.php(432): CodeIgniter\CodeIgniter->runController(Object(App\Controllers\Menu))
#7 C:\xampp\htdocs\dianchan\vendor\codeigniter4\framework\system\CodeIgniter.php(333): CodeIgniter\CodeIgniter->handleRequest(NULL, Object(Config\Cache), false)
#8 C:\xampp\htdocs\dianchan\public\index.php(44): CodeIgniter\CodeIgniter->run()
#9 C:\xampp\htdocs\dianchan\vendor\codeigniter4\framework\system\Commands\Server\rewrite.php(45): require_once('C:\\xampp\\htdocs...')
#10 {main}
CRITICAL - 2021-02-20 14:09:26 --> Undefined index: code
#0 C:\xampp\htdocs\dianchan\app\Views\customer\v_menu.php(29): CodeIgniter\Debug\Exceptions->errorHandler(8, 'Undefined index...', 'C:\\xampp\\htdocs...', 29, Array)
#1 C:\xampp\htdocs\dianchan\vendor\codeigniter4\framework\system\View\View.php(220): include('C:\\xampp\\htdocs...')
#2 C:\xampp\htdocs\dianchan\vendor\codeigniter4\framework\system\View\View.php(222): CodeIgniter\View\View->CodeIgniter\View\{closure}()
#3 C:\xampp\htdocs\dianchan\vendor\codeigniter4\framework\system\Common.php(1217): CodeIgniter\View\View->render('customer/v_menu...', Array, true)
#4 C:\xampp\htdocs\dianchan\app\Controllers\Menu.php(20): view('customer/v_menu...', Array)
#5 C:\xampp\htdocs\dianchan\vendor\codeigniter4\framework\system\CodeIgniter.php(936): App\Controllers\Menu->index()
#6 C:\xampp\htdocs\dianchan\vendor\codeigniter4\framework\system\CodeIgniter.php(432): CodeIgniter\CodeIgniter->runController(Object(App\Controllers\Menu))
#7 C:\xampp\htdocs\dianchan\vendor\codeigniter4\framework\system\CodeIgniter.php(333): CodeIgniter\CodeIgniter->handleRequest(NULL, Object(Config\Cache), false)
#8 C:\xampp\htdocs\dianchan\public\index.php(44): CodeIgniter\CodeIgniter->run()
#9 C:\xampp\htdocs\dianchan\vendor\codeigniter4\framework\system\Commands\Server\rewrite.php(45): require_once('C:\\xampp\\htdocs...')
#10 {main}
