CRITICAL - 2021-03-19 02:54:37 --> Trying to access array offset on value of type null
#0 C:\xampp\htdocs\diancan\app\Views\customer\v_home.php(10): CodeIgniter\Debug\Exceptions->errorHandler(8, 'Trying to acces...', 'C:\\xampp\\htdocs...', 10, Array)
#1 C:\xampp\htdocs\diancan\vendor\codeigniter4\framework\system\View\View.php(220): include('C:\\xampp\\htdocs...')
#2 C:\xampp\htdocs\diancan\vendor\codeigniter4\framework\system\View\View.php(222): CodeIgniter\View\View->CodeIgniter\View\{closure}()
#3 C:\xampp\htdocs\diancan\vendor\codeigniter4\framework\system\Common.php(1217): CodeIgniter\View\View->render('customer/v_home...', Array, true)
#4 C:\xampp\htdocs\diancan\app\Controllers\Home.php(28): view('customer/v_home...', Array)
#5 C:\xampp\htdocs\diancan\vendor\codeigniter4\framework\system\CodeIgniter.php(936): App\Controllers\Home->index()
#6 C:\xampp\htdocs\diancan\vendor\codeigniter4\framework\system\CodeIgniter.php(432): CodeIgniter\CodeIgniter->runController(Object(App\Controllers\Home))
#7 C:\xampp\htdocs\diancan\vendor\codeigniter4\framework\system\CodeIgniter.php(333): CodeIgniter\CodeIgniter->handleRequest(NULL, Object(Config\Cache), false)
#8 C:\xampp\htdocs\diancan\public\index.php(44): CodeIgniter\CodeIgniter->run()
#9 {main}
CRITICAL - 2021-03-19 03:27:57 --> Trying to access array offset on value of type null
#0 C:\xampp\htdocs\diancan\app\Views\customer\v_home.php(10): CodeIgniter\Debug\Exceptions->errorHandler(8, 'Trying to acces...', 'C:\\xampp\\htdocs...', 10, Array)
#1 C:\xampp\htdocs\diancan\vendor\codeigniter4\framework\system\View\View.php(220): include('C:\\xampp\\htdocs...')
#2 C:\xampp\htdocs\diancan\vendor\codeigniter4\framework\system\View\View.php(222): CodeIgniter\View\View->CodeIgniter\View\{closure}()
#3 C:\xampp\htdocs\diancan\vendor\codeigniter4\framework\system\Common.php(1217): CodeIgniter\View\View->render('customer/v_home...', Array, true)
#4 C:\xampp\htdocs\diancan\app\Controllers\Home.php(28): view('customer/v_home...', Array)
#5 C:\xampp\htdocs\diancan\vendor\codeigniter4\framework\system\CodeIgniter.php(936): App\Controllers\Home->index()
#6 C:\xampp\htdocs\diancan\vendor\codeigniter4\framework\system\CodeIgniter.php(432): CodeIgniter\CodeIgniter->runController(Object(App\Controllers\Home))
#7 C:\xampp\htdocs\diancan\vendor\codeigniter4\framework\system\CodeIgniter.php(333): CodeIgniter\CodeIgniter->handleRequest(NULL, Object(Config\Cache), false)
#8 C:\xampp\htdocs\diancan\public\index.php(44): CodeIgniter\CodeIgniter->run()
#9 {main}
CRITICAL - 2021-03-19 10:20:57 --> Call to undefined method App\Models\Food_model::PublishRow
#0 C:\xampp\htdocs\diancan\app\Controllers\Admin\Report.php(26): CodeIgniter\Model->__call('PublishRow', Array)
#1 C:\xampp\htdocs\diancan\vendor\codeigniter4\framework\system\CodeIgniter.php(936): App\Controllers\Admin\Report->food('publish', '2021-03-19')
#2 C:\xampp\htdocs\diancan\vendor\codeigniter4\framework\system\CodeIgniter.php(432): CodeIgniter\CodeIgniter->runController(Object(App\Controllers\Admin\Report))
#3 C:\xampp\htdocs\diancan\vendor\codeigniter4\framework\system\CodeIgniter.php(333): CodeIgniter\CodeIgniter->handleRequest(NULL, Object(Config\Cache), false)
#4 C:\xampp\htdocs\diancan\public\index.php(44): CodeIgniter\CodeIgniter->run()
#5 {main}
CRITICAL - 2021-03-19 13:46:44 --> Trying to access array offset on value of type null
#0 C:\xampp\htdocs\diancan\app\Views\customer\v_home.php(10): CodeIgniter\Debug\Exceptions->errorHandler(8, 'Trying to acces...', 'C:\\xampp\\htdocs...', 10, Array)
#1 C:\xampp\htdocs\diancan\vendor\codeigniter4\framework\system\View\View.php(220): include('C:\\xampp\\htdocs...')
#2 C:\xampp\htdocs\diancan\vendor\codeigniter4\framework\system\View\View.php(222): CodeIgniter\View\View->CodeIgniter\View\{closure}()
#3 C:\xampp\htdocs\diancan\vendor\codeigniter4\framework\system\Common.php(1217): CodeIgniter\View\View->render('customer/v_home...', Array, true)
#4 C:\xampp\htdocs\diancan\app\Controllers\Home.php(28): view('customer/v_home...', Array)
#5 C:\xampp\htdocs\diancan\vendor\codeigniter4\framework\system\CodeIgniter.php(936): App\Controllers\Home->index()
#6 C:\xampp\htdocs\diancan\vendor\codeigniter4\framework\system\CodeIgniter.php(432): CodeIgniter\CodeIgniter->runController(Object(App\Controllers\Home))
#7 C:\xampp\htdocs\diancan\vendor\codeigniter4\framework\system\CodeIgniter.php(333): CodeIgniter\CodeIgniter->handleRequest(NULL, Object(Config\Cache), false)
#8 C:\xampp\htdocs\diancan\public\index.php(44): CodeIgniter\CodeIgniter->run()
#9 {main}
CRITICAL - 2021-03-19 16:32:05 --> Invalid file: admin/report/v_food_original.php
#0 C:\xampp\htdocs\diancan\vendor\codeigniter4\framework\system\View\View.php(203): CodeIgniter\Exceptions\FrameworkException::forInvalidFile('admin/report/v_...')
#1 C:\xampp\htdocs\diancan\vendor\codeigniter4\framework\system\Common.php(1217): CodeIgniter\View\View->render('admin/report/v_...', Array, true)
#2 C:\xampp\htdocs\diancan\app\Controllers\Admin\Report.php(33): view('admin/report/v_...')
#3 C:\xampp\htdocs\diancan\vendor\codeigniter4\framework\system\CodeIgniter.php(936): App\Controllers\Admin\Report->food()
#4 C:\xampp\htdocs\diancan\vendor\codeigniter4\framework\system\CodeIgniter.php(432): CodeIgniter\CodeIgniter->runController(Object(App\Controllers\Admin\Report))
#5 C:\xampp\htdocs\diancan\vendor\codeigniter4\framework\system\CodeIgniter.php(333): CodeIgniter\CodeIgniter->handleRequest(NULL, Object(Config\Cache), false)
#6 C:\xampp\htdocs\diancan\public\index.php(44): CodeIgniter\CodeIgniter->run()
#7 {main}
CRITICAL - 2021-03-19 16:32:29 --> Undefined variable: rows
#0 C:\xampp\htdocs\diancan\app\Views\admin\report\r_food_original.php(36): CodeIgniter\Debug\Exceptions->errorHandler(8, 'Undefined varia...', 'C:\\xampp\\htdocs...', 36, Array)
#1 C:\xampp\htdocs\diancan\vendor\codeigniter4\framework\system\View\View.php(220): include('C:\\xampp\\htdocs...')
#2 C:\xampp\htdocs\diancan\vendor\codeigniter4\framework\system\View\View.php(222): CodeIgniter\View\View->CodeIgniter\View\{closure}()
#3 C:\xampp\htdocs\diancan\vendor\codeigniter4\framework\system\Common.php(1217): CodeIgniter\View\View->render('admin/report/r_...', Array, true)
#4 C:\xampp\htdocs\diancan\app\Controllers\Admin\Report.php(33): view('admin/report/r_...')
#5 C:\xampp\htdocs\diancan\vendor\codeigniter4\framework\system\CodeIgniter.php(936): App\Controllers\Admin\Report->food()
#6 C:\xampp\htdocs\diancan\vendor\codeigniter4\framework\system\CodeIgniter.php(432): CodeIgniter\CodeIgniter->runController(Object(App\Controllers\Admin\Report))
#7 C:\xampp\htdocs\diancan\vendor\codeigniter4\framework\system\CodeIgniter.php(333): CodeIgniter\CodeIgniter->handleRequest(NULL, Object(Config\Cache), false)
#8 C:\xampp\htdocs\diancan\public\index.php(44): CodeIgniter\CodeIgniter->run()
#9 {main}
CRITICAL - 2021-03-19 16:32:59 --> Undefined index: qtyLimit
#0 C:\xampp\htdocs\diancan\app\Views\admin\report\r_food_original.php(42): CodeIgniter\Debug\Exceptions->errorHandler(8, 'Undefined index...', 'C:\\xampp\\htdocs...', 42, Array)
#1 C:\xampp\htdocs\diancan\vendor\codeigniter4\framework\system\View\View.php(220): include('C:\\xampp\\htdocs...')
#2 C:\xampp\htdocs\diancan\vendor\codeigniter4\framework\system\View\View.php(222): CodeIgniter\View\View->CodeIgniter\View\{closure}()
#3 C:\xampp\htdocs\diancan\vendor\codeigniter4\framework\system\Common.php(1217): CodeIgniter\View\View->render('admin/report/r_...', Array, true)
#4 C:\xampp\htdocs\diancan\app\Controllers\Admin\Report.php(34): view('admin/report/r_...', Array)
#5 C:\xampp\htdocs\diancan\vendor\codeigniter4\framework\system\CodeIgniter.php(936): App\Controllers\Admin\Report->food()
#6 C:\xampp\htdocs\diancan\vendor\codeigniter4\framework\system\CodeIgniter.php(432): CodeIgniter\CodeIgniter->runController(Object(App\Controllers\Admin\Report))
#7 C:\xampp\htdocs\diancan\vendor\codeigniter4\framework\system\CodeIgniter.php(333): CodeIgniter\CodeIgniter->handleRequest(NULL, Object(Config\Cache), false)
#8 C:\xampp\htdocs\diancan\public\index.php(44): CodeIgniter\CodeIgniter->run()
#9 {main}
CRITICAL - 2021-03-19 16:35:32 --> Undefined variable: order
#0 C:\xampp\htdocs\diancan\app\Views\admin\report\r_food_original.php(12): CodeIgniter\Debug\Exceptions->errorHandler(8, 'Undefined varia...', 'C:\\xampp\\htdocs...', 12, Array)
#1 C:\xampp\htdocs\diancan\vendor\codeigniter4\framework\system\View\View.php(220): include('C:\\xampp\\htdocs...')
#2 C:\xampp\htdocs\diancan\vendor\codeigniter4\framework\system\View\View.php(222): CodeIgniter\View\View->CodeIgniter\View\{closure}()
#3 C:\xampp\htdocs\diancan\vendor\codeigniter4\framework\system\Common.php(1217): CodeIgniter\View\View->render('admin/report/r_...', Array, true)
#4 C:\xampp\htdocs\diancan\app\Controllers\Admin\Report.php(34): view('admin/report/r_...', Array)
#5 C:\xampp\htdocs\diancan\vendor\codeigniter4\framework\system\CodeIgniter.php(936): App\Controllers\Admin\Report->food()
#6 C:\xampp\htdocs\diancan\vendor\codeigniter4\framework\system\CodeIgniter.php(432): CodeIgniter\CodeIgniter->runController(Object(App\Controllers\Admin\Report))
#7 C:\xampp\htdocs\diancan\vendor\codeigniter4\framework\system\CodeIgniter.php(333): CodeIgniter\CodeIgniter->handleRequest(NULL, Object(Config\Cache), false)
#8 C:\xampp\htdocs\diancan\public\index.php(44): CodeIgniter\CodeIgniter->run()
#9 {main}
CRITICAL - 2021-03-19 23:36:30 --> Trying to access array offset on value of type null
#0 C:\xampp\htdocs\diancan\app\Views\customer\v_home.php(10): CodeIgniter\Debug\Exceptions->errorHandler(8, 'Trying to acces...', 'C:\\xampp\\htdocs...', 10, Array)
#1 C:\xampp\htdocs\diancan\vendor\codeigniter4\framework\system\View\View.php(220): include('C:\\xampp\\htdocs...')
#2 C:\xampp\htdocs\diancan\vendor\codeigniter4\framework\system\View\View.php(222): CodeIgniter\View\View->CodeIgniter\View\{closure}()
#3 C:\xampp\htdocs\diancan\vendor\codeigniter4\framework\system\Common.php(1217): CodeIgniter\View\View->render('customer/v_home...', Array, true)
#4 C:\xampp\htdocs\diancan\app\Controllers\Home.php(28): view('customer/v_home...', Array)
#5 C:\xampp\htdocs\diancan\vendor\codeigniter4\framework\system\CodeIgniter.php(936): App\Controllers\Home->index()
#6 C:\xampp\htdocs\diancan\vendor\codeigniter4\framework\system\CodeIgniter.php(432): CodeIgniter\CodeIgniter->runController(Object(App\Controllers\Home))
#7 C:\xampp\htdocs\diancan\vendor\codeigniter4\framework\system\CodeIgniter.php(333): CodeIgniter\CodeIgniter->handleRequest(NULL, Object(Config\Cache), false)
#8 C:\xampp\htdocs\diancan\public\index.php(44): CodeIgniter\CodeIgniter->run()
#9 {main}
CRITICAL - 2021-03-19 23:40:40 --> Trying to access array offset on value of type null
#0 C:\xampp\htdocs\diancan\app\Views\customer\v_home.php(10): CodeIgniter\Debug\Exceptions->errorHandler(8, 'Trying to acces...', 'C:\\xampp\\htdocs...', 10, Array)
#1 C:\xampp\htdocs\diancan\vendor\codeigniter4\framework\system\View\View.php(220): include('C:\\xampp\\htdocs...')
#2 C:\xampp\htdocs\diancan\vendor\codeigniter4\framework\system\View\View.php(222): CodeIgniter\View\View->CodeIgniter\View\{closure}()
#3 C:\xampp\htdocs\diancan\vendor\codeigniter4\framework\system\Common.php(1217): CodeIgniter\View\View->render('customer/v_home...', Array, true)
#4 C:\xampp\htdocs\diancan\app\Controllers\Home.php(28): view('customer/v_home...', Array)
#5 C:\xampp\htdocs\diancan\vendor\codeigniter4\framework\system\CodeIgniter.php(936): App\Controllers\Home->index()
#6 C:\xampp\htdocs\diancan\vendor\codeigniter4\framework\system\CodeIgniter.php(432): CodeIgniter\CodeIgniter->runController(Object(App\Controllers\Home))
#7 C:\xampp\htdocs\diancan\vendor\codeigniter4\framework\system\CodeIgniter.php(333): CodeIgniter\CodeIgniter->handleRequest(NULL, Object(Config\Cache), false)
#8 C:\xampp\htdocs\diancan\public\index.php(44): CodeIgniter\CodeIgniter->run()
#9 {main}
